<?xml version="1.0" encoding="UTF-8"?>
<TestRun id="5fd462f8-5f11-4025-9d62-c03410310f52" name="SuprDewd@MINIAC 2011-01-14 23:32:20" runUser="Miniac\SuprDewd" xmlns="http://microsoft.com/schemas/VisualStudio/TeamTest/2010">
  <TestSettings name="Local" id="4c59a5fa-d837-49f8-8b62-15cf0be0742f">
    <Description>These are default test settings for a local test run.</Description>
    <Deployment enabled="false" runDeploymentRoot="SuprDewd_MINIAC 2011-01-14 23_32_20">
      <DeploymentItem filename="C:\Users\SuprDewd\Documents\Projects\SharpBag\SharpBag.Tests\bin\Release\mysql.data.dll" />
      <DeploymentItem filename="C:\Users\SuprDewd\Documents\Projects\SharpBag\SharpBag.Tests\MolesAssemblies\SharpBag.Moles.dll" />
      <DeploymentItem filename="C:\Users\SuprDewd\Documents\Projects\SharpBag\SharpBag\bin\Release\SharpBag.dll" />
    </Deployment>
    <Execution>
      <TestTypeSpecific />
      <AgentRule name="Execution Agents">
      </AgentRule>
    </Execution>
  </TestSettings>
  <Times creation="2011-01-14T23:32:20.0841579+00:00" queuing="2011-01-14T23:32:22.9663343+00:00" start="2011-01-14T23:32:23.2853631+00:00" finish="2011-01-14T23:32:31.7108915+00:00" />
  <ResultSummary outcome="Failed">
    <Counters total="425" executed="425" passed="423" error="0" failed="2" timeout="0" aborted="0" inconclusive="0" passedButRunAborted="0" notRunnable="0" notExecuted="0" disconnected="0" warning="0" completed="0" inProgress="0" pending="0" />
  </ResultSummary>
  <TestDefinitions>
    <UnitTest name="IfNotNull0192303" storage="c:\users\suprdewd\documents\projects\sharpbag\sharpbag.tests\bin\release\sharpbag.tests.dll" id="71a360e3-d81d-a30a-382f-721ef096f5b1">
      <Execution id="7905b065-7a04-44c2-90f1-f8bc5c72a4b5" />
      <TestMethod codeBase="C:/Users/SuprDewd/Documents/Projects/SharpBag/SharpBag.Tests/bin/Release/SharpBag.Tests.DLL" adapterTypeName="Microsoft.VisualStudio.TestTools.TestTypes.Unit.UnitTestAdapter, Microsoft.VisualStudio.QualityTools.Tips.UnitTest.Adapter, Version=10.0.0.0, Culture=neutral, PublicKeyToken=b03f5f7f11d50a3a" className="SharpBag.ExtensionsTest, SharpBag.Tests, Version=0.0.0.0, Culture=neutral, PublicKeyToken=null" name="IfNotNull0192303" />
    </UnitTest>
    <UnitTest name="NullOr90702" storage="c:\users\suprdewd\documents\projects\sharpbag\sharpbag.tests\bin\release\sharpbag.tests.dll" id="8f214c0c-af12-b9fb-ae32-e2f0e522a10f">
      <Execution id="82efdde7-9167-4e76-9923-89972cabf4f0" />
      <TestMethod codeBase="C:/Users/SuprDewd/Documents/Projects/SharpBag/SharpBag.Tests/bin/Release/SharpBag.Tests.DLL" adapterTypeName="Microsoft.VisualStudio.TestTools.TestTypes.Unit.UnitTestAdapter, Microsoft.VisualStudio.QualityTools.Tips.UnitTest.Adapter, Version=10.0.0.0, Culture=neutral, PublicKeyToken=b03f5f7f11d50a3a" className="SharpBag.ExtensionsTest, SharpBag.Tests, Version=0.0.0.0, Culture=neutral, PublicKeyToken=null" name="NullOr90702" />
    </UnitTest>
    <UnitTest name="As0198302" storage="c:\users\suprdewd\documents\projects\sharpbag\sharpbag.tests\bin\release\sharpbag.tests.dll" id="31751606-0e00-3ddd-298e-e7c2d6c445a2">
      <Execution id="ecea90ba-0307-4d19-9397-8ea310b766ba" />
      <TestMethod codeBase="C:/Users/SuprDewd/Documents/Projects/SharpBag/SharpBag.Tests/bin/Release/SharpBag.Tests.DLL" adapterTypeName="Microsoft.VisualStudio.TestTools.TestTypes.Unit.UnitTestAdapter, Microsoft.VisualStudio.QualityTools.Tips.UnitTest.Adapter, Version=10.0.0.0, Culture=neutral, PublicKeyToken=b03f5f7f11d50a3a" className="SharpBag.ExtensionsTest, SharpBag.Tests, Version=0.0.0.0, Culture=neutral, PublicKeyToken=null" name="As0198302" />
    </UnitTest>
    <UnitTest name="Fill68801" storage="c:\users\suprdewd\documents\projects\sharpbag\sharpbag.tests\bin\release\sharpbag.tests.dll" id="236dd585-9363-168d-3729-7ab007ad8692">
      <Execution id="e1fa3638-8d03-48ad-8516-629ba2d597a2" />
      <TestMethod codeBase="C:/Users/SuprDewd/Documents/Projects/SharpBag/SharpBag.Tests/bin/Release/SharpBag.Tests.DLL" adapterTypeName="Microsoft.VisualStudio.TestTools.TestTypes.Unit.UnitTestAdapter, Microsoft.VisualStudio.QualityTools.Tips.UnitTest.Adapter, Version=10.0.0.0, Culture=neutral, PublicKeyToken=b03f5f7f11d50a3a" className="SharpBag.ExtensionsTest, SharpBag.Tests, Version=0.0.0.0, Culture=neutral, PublicKeyToken=null" name="Fill68801" />
    </UnitTest>
    <UnitTest name="As0163207" storage="c:\users\suprdewd\documents\projects\sharpbag\sharpbag.tests\bin\release\sharpbag.tests.dll" id="3a633eaa-632f-f936-1d35-4e407b494884">
      <Execution id="faf427dd-1b7c-433e-a600-fa0ff020c9ff" />
      <TestMethod codeBase="C:/Users/SuprDewd/Documents/Projects/SharpBag/SharpBag.Tests/bin/Release/SharpBag.Tests.DLL" adapterTypeName="Microsoft.VisualStudio.TestTools.TestTypes.Unit.UnitTestAdapter, Microsoft.VisualStudio.QualityTools.Tips.UnitTest.Adapter, Version=10.0.0.0, Culture=neutral, PublicKeyToken=b03f5f7f11d50a3a" className="SharpBag.ExtensionsTest, SharpBag.Tests, Version=0.0.0.0, Culture=neutral, PublicKeyToken=null" name="As0163207" />
    </UnitTest>
    <UnitTest name="As0166003" storage="c:\users\suprdewd\documents\projects\sharpbag\sharpbag.tests\bin\release\sharpbag.tests.dll" id="2c678190-6575-f47a-afde-b3eb80b1856c">
      <Execution id="1b0d17a9-c63b-402e-bd73-22d9509f20f1" />
      <TestMethod codeBase="C:/Users/SuprDewd/Documents/Projects/SharpBag/SharpBag.Tests/bin/Release/SharpBag.Tests.DLL" adapterTypeName="Microsoft.VisualStudio.TestTools.TestTypes.Unit.UnitTestAdapter, Microsoft.VisualStudio.QualityTools.Tips.UnitTest.Adapter, Version=10.0.0.0, Culture=neutral, PublicKeyToken=b03f5f7f11d50a3a" className="SharpBag.ExtensionsTest, SharpBag.Tests, Version=0.0.0.0, Culture=neutral, PublicKeyToken=null" name="As0166003" />
    </UnitTest>
    <UnitTest name="EmptyIfNull122" storage="c:\users\suprdewd\documents\projects\sharpbag\sharpbag.tests\bin\release\sharpbag.tests.dll" id="3902168e-77cb-c1b4-c44f-4336ab3b86bd">
      <Execution id="4c1737e5-2d9c-4d67-99b0-66ce0d2a2fe3" />
      <TestMethod codeBase="C:/Users/SuprDewd/Documents/Projects/SharpBag/SharpBag.Tests/bin/Release/SharpBag.Tests.DLL" adapterTypeName="Microsoft.VisualStudio.TestTools.TestTypes.Unit.UnitTestAdapter, Microsoft.VisualStudio.QualityTools.Tips.UnitTest.Adapter, Version=10.0.0.0, Culture=neutral, PublicKeyToken=b03f5f7f11d50a3a" className="SharpBag.ExtensionsTest, SharpBag.Tests, Version=0.0.0.0, Culture=neutral, PublicKeyToken=null" name="EmptyIfNull122" />
    </UnitTest>
    <UnitTest name="AsEnumerable0258803" storage="c:\users\suprdewd\documents\projects\sharpbag\sharpbag.tests\bin\release\sharpbag.tests.dll" id="4f308a7f-5339-1197-c196-e8c2a3294cdb">
      <Execution id="1e167db3-5366-43e3-8e56-caecf3f76439" />
      <TestMethod codeBase="C:/Users/SuprDewd/Documents/Projects/SharpBag/SharpBag.Tests/bin/Release/SharpBag.Tests.DLL" adapterTypeName="Microsoft.VisualStudio.TestTools.TestTypes.Unit.UnitTestAdapter, Microsoft.VisualStudio.QualityTools.Tips.UnitTest.Adapter, Version=10.0.0.0, Culture=neutral, PublicKeyToken=b03f5f7f11d50a3a" className="SharpBag.ExtensionsTest, SharpBag.Tests, Version=0.0.0.0, Culture=neutral, PublicKeyToken=null" name="AsEnumerable0258803" />
    </UnitTest>
    <UnitTest name="Random01ThrowsContractException508" storage="c:\users\suprdewd\documents\projects\sharpbag\sharpbag.tests\bin\release\sharpbag.tests.dll" id="028f28fd-be8d-20f6-580d-7908e85c567f">
      <Execution id="d0dffde7-2779-40b8-8af0-fdc50e9a0f33" />
      <TestMethod codeBase="C:/Users/SuprDewd/Documents/Projects/SharpBag/SharpBag.Tests/bin/Release/SharpBag.Tests.DLL" adapterTypeName="Microsoft.VisualStudio.TestTools.TestTypes.Unit.UnitTestAdapter, Microsoft.VisualStudio.QualityTools.Tips.UnitTest.Adapter, Version=10.0.0.0, Culture=neutral, PublicKeyToken=b03f5f7f11d50a3a" className="SharpBag.ExtensionsTest, SharpBag.Tests, Version=0.0.0.0, Culture=neutral, PublicKeyToken=null" name="Random01ThrowsContractException508" />
    </UnitTest>
    <UnitTest name="As0136701" storage="c:\users\suprdewd\documents\projects\sharpbag\sharpbag.tests\bin\release\sharpbag.tests.dll" id="de06015f-869e-46b8-4b51-8c7b049b2b96">
      <Execution id="aa1535cb-b0f5-46bc-83be-5be57d5edf7e" />
      <TestMethod codeBase="C:/Users/SuprDewd/Documents/Projects/SharpBag/SharpBag.Tests/bin/Release/SharpBag.Tests.DLL" adapterTypeName="Microsoft.VisualStudio.TestTools.TestTypes.Unit.UnitTestAdapter, Microsoft.VisualStudio.QualityTools.Tips.UnitTest.Adapter, Version=10.0.0.0, Culture=neutral, PublicKeyToken=b03f5f7f11d50a3a" className="SharpBag.ExtensionsTest, SharpBag.Tests, Version=0.0.0.0, Culture=neutral, PublicKeyToken=null" name="As0136701" />
    </UnitTest>
    <UnitTest name="As0132108" storage="c:\users\suprdewd\documents\projects\sharpbag\sharpbag.tests\bin\release\sharpbag.tests.dll" id="e30391ee-1b3b-ee9f-b02c-b47de478c33f">
      <Execution id="520bc0a5-13d5-48e9-a68c-d66768fde1fe" />
      <TestMethod codeBase="C:/Users/SuprDewd/Documents/Projects/SharpBag/SharpBag.Tests/bin/Release/SharpBag.Tests.DLL" adapterTypeName="Microsoft.VisualStudio.TestTools.TestTypes.Unit.UnitTestAdapter, Microsoft.VisualStudio.QualityTools.Tips.UnitTest.Adapter, Version=10.0.0.0, Culture=neutral, PublicKeyToken=b03f5f7f11d50a3a" className="SharpBag.ExtensionsTest, SharpBag.Tests, Version=0.0.0.0, Culture=neutral, PublicKeyToken=null" name="As0132108" />
    </UnitTest>
    <UnitTest name="As01632" storage="c:\users\suprdewd\documents\projects\sharpbag\sharpbag.tests\bin\release\sharpbag.tests.dll" id="f685a220-cae8-50b0-d543-46e310017a33">
      <Execution id="0f815e79-f6fc-494a-a77d-dec1b2170f89" />
      <TestMethod codeBase="C:/Users/SuprDewd/Documents/Projects/SharpBag/SharpBag.Tests/bin/Release/SharpBag.Tests.DLL" adapterTypeName="Microsoft.VisualStudio.TestTools.TestTypes.Unit.UnitTestAdapter, Microsoft.VisualStudio.QualityTools.Tips.UnitTest.Adapter, Version=10.0.0.0, Culture=neutral, PublicKeyToken=b03f5f7f11d50a3a" className="SharpBag.ExtensionsTest, SharpBag.Tests, Version=0.0.0.0, Culture=neutral, PublicKeyToken=null" name="As01632" />
    </UnitTest>
    <UnitTest name="IfNotNull0159703" storage="c:\users\suprdewd\documents\projects\sharpbag\sharpbag.tests\bin\release\sharpbag.tests.dll" id="0e44207d-1ccf-04c5-6aef-2081653ff131">
      <Execution id="1cfa32d1-c9b0-4676-ab35-1e3985cc1fb9" />
      <TestMethod codeBase="C:/Users/SuprDewd/Documents/Projects/SharpBag/SharpBag.Tests/bin/Release/SharpBag.Tests.DLL" adapterTypeName="Microsoft.VisualStudio.TestTools.TestTypes.Unit.UnitTestAdapter, Microsoft.VisualStudio.QualityTools.Tips.UnitTest.Adapter, Version=10.0.0.0, Culture=neutral, PublicKeyToken=b03f5f7f11d50a3a" className="SharpBag.ExtensionsTest, SharpBag.Tests, Version=0.0.0.0, Culture=neutral, PublicKeyToken=null" name="IfNotNull0159703" />
    </UnitTest>
    <UnitTest name="Take01ThrowsIndexOutOfRangeException817" storage="c:\users\suprdewd\documents\projects\sharpbag\sharpbag.tests\bin\release\sharpbag.tests.dll" id="47d55f13-e46c-b000-9e07-f790b956391a">
      <Execution id="c244e5a1-9442-41e9-a064-5468edc062c1" />
      <TestMethod codeBase="C:/Users/SuprDewd/Documents/Projects/SharpBag/SharpBag.Tests/bin/Release/SharpBag.Tests.DLL" adapterTypeName="Microsoft.VisualStudio.TestTools.TestTypes.Unit.UnitTestAdapter, Microsoft.VisualStudio.QualityTools.Tips.UnitTest.Adapter, Version=10.0.0.0, Culture=neutral, PublicKeyToken=b03f5f7f11d50a3a" className="SharpBag.ExtensionsTest, SharpBag.Tests, Version=0.0.0.0, Culture=neutral, PublicKeyToken=null" name="Take01ThrowsIndexOutOfRangeException817" />
    </UnitTest>
    <UnitTest name="CollatzCount735" storage="c:\users\suprdewd\documents\projects\sharpbag\sharpbag.tests\bin\release\sharpbag.tests.dll" id="76549838-3cd5-8196-8fe5-c215d6bd242f">
      <Execution id="3a0f29b4-43d8-480d-936b-223f1095faf8" />
      <TestMethod codeBase="C:/Users/SuprDewd/Documents/Projects/SharpBag/SharpBag.Tests/bin/Release/SharpBag.Tests.DLL" adapterTypeName="Microsoft.VisualStudio.TestTools.TestTypes.Unit.UnitTestAdapter, Microsoft.VisualStudio.QualityTools.Tips.UnitTest.Adapter, Version=10.0.0.0, Culture=neutral, PublicKeyToken=b03f5f7f11d50a3a" className="SharpBag.Math.MathExtensionsTest, SharpBag.Tests, Version=0.0.0.0, Culture=neutral, PublicKeyToken=null" name="CollatzCount735" />
    </UnitTest>
    <UnitTest name="ToBitmapSourceThrowsContractException871" storage="c:\users\suprdewd\documents\projects\sharpbag\sharpbag.tests\bin\release\sharpbag.tests.dll" id="09d5fce9-d98a-1fa1-f446-d10c4751e838">
      <Execution id="7c297264-7624-419a-8650-7bb2026d7fb9" />
      <TestMethod codeBase="C:/Users/SuprDewd/Documents/Projects/SharpBag/SharpBag.Tests/bin/Release/SharpBag.Tests.DLL" adapterTypeName="Microsoft.VisualStudio.TestTools.TestTypes.Unit.UnitTestAdapter, Microsoft.VisualStudio.QualityTools.Tips.UnitTest.Adapter, Version=10.0.0.0, Culture=neutral, PublicKeyToken=b03f5f7f11d50a3a" className="SharpBag.Media.MediaExtensionsTest, SharpBag.Tests, Version=0.0.0.0, Culture=neutral, PublicKeyToken=null" name="ToBitmapSourceThrowsContractException871" />
    </UnitTest>
    <UnitTest name="IfNotNull0192301" storage="c:\users\suprdewd\documents\projects\sharpbag\sharpbag.tests\bin\release\sharpbag.tests.dll" id="49aa9228-e307-ef3c-566e-386137588923">
      <Execution id="173f88bd-7960-4a64-afd5-399eb9a16b35" />
      <TestMethod codeBase="C:/Users/SuprDewd/Documents/Projects/SharpBag/SharpBag.Tests/bin/Release/SharpBag.Tests.DLL" adapterTypeName="Microsoft.VisualStudio.TestTools.TestTypes.Unit.UnitTestAdapter, Microsoft.VisualStudio.QualityTools.Tips.UnitTest.Adapter, Version=10.0.0.0, Culture=neutral, PublicKeyToken=b03f5f7f11d50a3a" className="SharpBag.ExtensionsTest, SharpBag.Tests, Version=0.0.0.0, Culture=neutral, PublicKeyToken=null" name="IfNotNull0192301" />
    </UnitTest>
    <UnitTest name="NextChar01ThrowsContractException654" storage="c:\users\suprdewd\documents\projects\sharpbag\sharpbag.tests\bin\release\sharpbag.tests.dll" id="9e62e436-d347-f0d4-fadd-560760980b01">
      <Execution id="547aca89-fba1-4833-aa97-9b45b688833d" />
      <TestMethod codeBase="C:/Users/SuprDewd/Documents/Projects/SharpBag/SharpBag.Tests/bin/Release/SharpBag.Tests.DLL" adapterTypeName="Microsoft.VisualStudio.TestTools.TestTypes.Unit.UnitTestAdapter, Microsoft.VisualStudio.QualityTools.Tips.UnitTest.Adapter, Version=10.0.0.0, Culture=neutral, PublicKeyToken=b03f5f7f11d50a3a" className="SharpBag.RandomExtensionsTest, SharpBag.Tests, Version=0.0.0.0, Culture=neutral, PublicKeyToken=null" name="NextChar01ThrowsContractException654" />
    </UnitTest>
    <UnitTest name="AsEnumerableThrowsContractException497" storage="c:\users\suprdewd\documents\projects\sharpbag\sharpbag.tests\bin\release\sharpbag.tests.dll" id="dc78d455-e59d-ace7-23e4-df6c3ad29814">
      <Execution id="4f996e1c-37a5-4cff-859b-6a6ad425ec64" />
      <TestMethod codeBase="C:/Users/SuprDewd/Documents/Projects/SharpBag/SharpBag.Tests/bin/Release/SharpBag.Tests.DLL" adapterTypeName="Microsoft.VisualStudio.TestTools.TestTypes.Unit.UnitTestAdapter, Microsoft.VisualStudio.QualityTools.Tips.UnitTest.Adapter, Version=10.0.0.0, Culture=neutral, PublicKeyToken=b03f5f7f11d50a3a" className="SharpBag.ExtensionsTest, SharpBag.Tests, Version=0.0.0.0, Culture=neutral, PublicKeyToken=null" name="AsEnumerableThrowsContractException497" />
    </UnitTest>
    <UnitTest name="As0132104" storage="c:\users\suprdewd\documents\projects\sharpbag\sharpbag.tests\bin\release\sharpbag.tests.dll" id="b30e4a1d-f330-da4d-3e81-5c536003275c">
      <Execution id="41822445-e4c6-4051-a280-b0d9f9d46287" />
      <TestMethod codeBase="C:/Users/SuprDewd/Documents/Projects/SharpBag/SharpBag.Tests/bin/Release/SharpBag.Tests.DLL" adapterTypeName="Microsoft.VisualStudio.TestTools.TestTypes.Unit.UnitTestAdapter, Microsoft.VisualStudio.QualityTools.Tips.UnitTest.Adapter, Version=10.0.0.0, Culture=neutral, PublicKeyToken=b03f5f7f11d50a3a" className="SharpBag.ExtensionsTest, SharpBag.Tests, Version=0.0.0.0, Culture=neutral, PublicKeyToken=null" name="As0132104" />
    </UnitTest>
    <UnitTest name="IfNotNull0192304" storage="c:\users\suprdewd\documents\projects\sharpbag\sharpbag.tests\bin\release\sharpbag.tests.dll" id="e89c0529-2532-190e-5936-91edd9263fb1">
      <Execution id="16e52531-04c6-4fee-900d-e9aba64973c6" />
      <TestMethod codeBase="C:/Users/SuprDewd/Documents/Projects/SharpBag/SharpBag.Tests/bin/Release/SharpBag.Tests.DLL" adapterTypeName="Microsoft.VisualStudio.TestTools.TestTypes.Unit.UnitTestAdapter, Microsoft.VisualStudio.QualityTools.Tips.UnitTest.Adapter, Version=10.0.0.0, Culture=neutral, PublicKeyToken=b03f5f7f11d50a3a" className="SharpBag.ExtensionsTest, SharpBag.Tests, Version=0.0.0.0, Culture=neutral, PublicKeyToken=null" name="IfNotNull0192304" />
    </UnitTest>
    <UnitTest name="As0163215" storage="c:\users\suprdewd\documents\projects\sharpbag\sharpbag.tests\bin\release\sharpbag.tests.dll" id="b70d24a9-e4cc-d879-39c7-bc30de9e70ab">
      <Execution id="0d91789c-788a-4162-8379-b374ae587da2" />
      <TestMethod codeBase="C:/Users/SuprDewd/Documents/Projects/SharpBag/SharpBag.Tests/bin/Release/SharpBag.Tests.DLL" adapterTypeName="Microsoft.VisualStudio.TestTools.TestTypes.Unit.UnitTestAdapter, Microsoft.VisualStudio.QualityTools.Tips.UnitTest.Adapter, Version=10.0.0.0, Culture=neutral, PublicKeyToken=b03f5f7f11d50a3a" className="SharpBag.ExtensionsTest, SharpBag.Tests, Version=0.0.0.0, Culture=neutral, PublicKeyToken=null" name="As0163215" />
    </UnitTest>
    <UnitTest name="AsEnumerable0258801" storage="c:\users\suprdewd\documents\projects\sharpbag\sharpbag.tests\bin\release\sharpbag.tests.dll" id="b2c4141e-1dfd-f110-5623-435719fb340e">
      <Execution id="7f0686f2-6b96-4715-9631-453e9015c416" />
      <TestMethod codeBase="C:/Users/SuprDewd/Documents/Projects/SharpBag/SharpBag.Tests/bin/Release/SharpBag.Tests.DLL" adapterTypeName="Microsoft.VisualStudio.TestTools.TestTypes.Unit.UnitTestAdapter, Microsoft.VisualStudio.QualityTools.Tips.UnitTest.Adapter, Version=10.0.0.0, Culture=neutral, PublicKeyToken=b03f5f7f11d50a3a" className="SharpBag.ExtensionsTest, SharpBag.Tests, Version=0.0.0.0, Culture=neutral, PublicKeyToken=null" name="AsEnumerable0258801" />
    </UnitTest>
    <UnitTest name="Random01ThrowsContractException791" storage="c:\users\suprdewd\documents\projects\sharpbag\sharpbag.tests\bin\release\sharpbag.tests.dll" id="ba4ad856-2aca-f1cb-f1f3-4abe5647b176">
      <Execution id="574f8036-f916-453c-8987-ac12da553065" />
      <TestMethod codeBase="C:/Users/SuprDewd/Documents/Projects/SharpBag/SharpBag.Tests/bin/Release/SharpBag.Tests.DLL" adapterTypeName="Microsoft.VisualStudio.TestTools.TestTypes.Unit.UnitTestAdapter, Microsoft.VisualStudio.QualityTools.Tips.UnitTest.Adapter, Version=10.0.0.0, Culture=neutral, PublicKeyToken=b03f5f7f11d50a3a" className="SharpBag.ExtensionsTest, SharpBag.Tests, Version=0.0.0.0, Culture=neutral, PublicKeyToken=null" name="Random01ThrowsContractException791" />
    </UnitTest>
    <UnitTest name="AddThrowsContractException261" storage="c:\users\suprdewd\documents\projects\sharpbag\sharpbag.tests\bin\release\sharpbag.tests.dll" id="30d8e69f-8aa2-c29f-376f-bcb878c7b97b">
      <Execution id="66c11ce2-de12-482f-84e7-ff20d1acaca1" />
      <TestMethod codeBase="C:/Users/SuprDewd/Documents/Projects/SharpBag/SharpBag.Tests/bin/Release/SharpBag.Tests.DLL" adapterTypeName="Microsoft.VisualStudio.TestTools.TestTypes.Unit.UnitTestAdapter, Microsoft.VisualStudio.QualityTools.Tips.UnitTest.Adapter, Version=10.0.0.0, Culture=neutral, PublicKeyToken=b03f5f7f11d50a3a" className="SharpBag.ExtensionsTest, SharpBag.Tests, Version=0.0.0.0, Culture=neutral, PublicKeyToken=null" name="AddThrowsContractException261" />
    </UnitTest>
    <UnitTest name="CreateRectangleThrowsContractException295" storage="c:\users\suprdewd\documents\projects\sharpbag\sharpbag.tests\bin\release\sharpbag.tests.dll" id="ba655519-84b5-616e-0933-0bcd320e888d">
      <Execution id="99683579-c2cb-4bfc-9570-0c8b0d241014" />
      <TestMethod codeBase="C:/Users/SuprDewd/Documents/Projects/SharpBag/SharpBag.Tests/bin/Release/SharpBag.Tests.DLL" adapterTypeName="Microsoft.VisualStudio.TestTools.TestTypes.Unit.UnitTestAdapter, Microsoft.VisualStudio.QualityTools.Tips.UnitTest.Adapter, Version=10.0.0.0, Culture=neutral, PublicKeyToken=b03f5f7f11d50a3a" className="SharpBag.Media.MediaExtensionsTest, SharpBag.Tests, Version=0.0.0.0, Culture=neutral, PublicKeyToken=null" name="CreateRectangleThrowsContractException295" />
    </UnitTest>
    <UnitTest name="As0198303" storage="c:\users\suprdewd\documents\projects\sharpbag\sharpbag.tests\bin\release\sharpbag.tests.dll" id="d56f2fbf-3f3e-cba1-4f8d-7b34cec35b0a">
      <Execution id="42bf4313-cabf-4859-a5d7-b3010bf41fe1" />
      <TestMethod codeBase="C:/Users/SuprDewd/Documents/Projects/SharpBag/SharpBag.Tests/bin/Release/SharpBag.Tests.DLL" adapterTypeName="Microsoft.VisualStudio.TestTools.TestTypes.Unit.UnitTestAdapter, Microsoft.VisualStudio.QualityTools.Tips.UnitTest.Adapter, Version=10.0.0.0, Culture=neutral, PublicKeyToken=b03f5f7f11d50a3a" className="SharpBag.ExtensionsTest, SharpBag.Tests, Version=0.0.0.0, Culture=neutral, PublicKeyToken=null" name="As0198303" />
    </UnitTest>
    <UnitTest name="AsEnumerable01283" storage="c:\users\suprdewd\documents\projects\sharpbag\sharpbag.tests\bin\release\sharpbag.tests.dll" id="f20d04ec-6bdf-2adb-3ea0-dea4791f58d1">
      <Execution id="16403b16-17cc-4f94-9230-ad1f9c14bf70" />
      <TestMethod codeBase="C:/Users/SuprDewd/Documents/Projects/SharpBag/SharpBag.Tests/bin/Release/SharpBag.Tests.DLL" adapterTypeName="Microsoft.VisualStudio.TestTools.TestTypes.Unit.UnitTestAdapter, Microsoft.VisualStudio.QualityTools.Tips.UnitTest.Adapter, Version=10.0.0.0, Culture=neutral, PublicKeyToken=b03f5f7f11d50a3a" className="SharpBag.ExtensionsTest, SharpBag.Tests, Version=0.0.0.0, Culture=neutral, PublicKeyToken=null" name="AsEnumerable01283" />
    </UnitTest>
    <UnitTest name="With25501" storage="c:\users\suprdewd\documents\projects\sharpbag\sharpbag.tests\bin\release\sharpbag.tests.dll" id="9ed7c416-1a7b-4673-195d-ca2e196d2a2e">
      <Execution id="e9e098fe-808a-42f0-8ca3-31a962efd9e7" />
      <TestMethod codeBase="C:/Users/SuprDewd/Documents/Projects/SharpBag/SharpBag.Tests/bin/Release/SharpBag.Tests.DLL" adapterTypeName="Microsoft.VisualStudio.TestTools.TestTypes.Unit.UnitTestAdapter, Microsoft.VisualStudio.QualityTools.Tips.UnitTest.Adapter, Version=10.0.0.0, Culture=neutral, PublicKeyToken=b03f5f7f11d50a3a" className="SharpBag.ExtensionsTest, SharpBag.Tests, Version=0.0.0.0, Culture=neutral, PublicKeyToken=null" name="With25501" />
    </UnitTest>
    <UnitTest name="TakeEveryThrowsContractException998" storage="c:\users\suprdewd\documents\projects\sharpbag\sharpbag.tests\bin\release\sharpbag.tests.dll" id="c35eb805-49e5-7d06-b69d-ba684aaa6791">
      <Execution id="2c662c89-71f7-45bd-822e-c2e75786be95" />
      <TestMethod codeBase="C:/Users/SuprDewd/Documents/Projects/SharpBag/SharpBag.Tests/bin/Release/SharpBag.Tests.DLL" adapterTypeName="Microsoft.VisualStudio.TestTools.TestTypes.Unit.UnitTestAdapter, Microsoft.VisualStudio.QualityTools.Tips.UnitTest.Adapter, Version=10.0.0.0, Culture=neutral, PublicKeyToken=b03f5f7f11d50a3a" className="SharpBag.ExtensionsTest, SharpBag.Tests, Version=0.0.0.0, Culture=neutral, PublicKeyToken=null" name="TakeEveryThrowsContractException998" />
    </UnitTest>
    <UnitTest name="As21501" storage="c:\users\suprdewd\documents\projects\sharpbag\sharpbag.tests\bin\release\sharpbag.tests.dll" id="ea12baf4-c62d-b0ca-b8ec-0dd742c09890">
      <Execution id="6de86cd3-f51b-4f3f-8176-98f4676619b7" />
      <TestMethod codeBase="C:/Users/SuprDewd/Documents/Projects/SharpBag/SharpBag.Tests/bin/Release/SharpBag.Tests.DLL" adapterTypeName="Microsoft.VisualStudio.TestTools.TestTypes.Unit.UnitTestAdapter, Microsoft.VisualStudio.QualityTools.Tips.UnitTest.Adapter, Version=10.0.0.0, Culture=neutral, PublicKeyToken=b03f5f7f11d50a3a" className="SharpBag.ExtensionsTest, SharpBag.Tests, Version=0.0.0.0, Culture=neutral, PublicKeyToken=null" name="As21501" />
    </UnitTest>
    <UnitTest name="RangeThrowsContractException560" storage="c:\users\suprdewd\documents\projects\sharpbag\sharpbag.tests\bin\release\sharpbag.tests.dll" id="22b3bc9e-2d91-4747-086b-d415be2c5776">
      <Execution id="1abd723c-44cc-4637-a4e8-bb8b98cad2f6" />
      <TestMethod codeBase="C:/Users/SuprDewd/Documents/Projects/SharpBag/SharpBag.Tests/bin/Release/SharpBag.Tests.DLL" adapterTypeName="Microsoft.VisualStudio.TestTools.TestTypes.Unit.UnitTestAdapter, Microsoft.VisualStudio.QualityTools.Tips.UnitTest.Adapter, Version=10.0.0.0, Culture=neutral, PublicKeyToken=b03f5f7f11d50a3a" className="SharpBag.ExtensionsTest, SharpBag.Tests, Version=0.0.0.0, Culture=neutral, PublicKeyToken=null" name="RangeThrowsContractException560" />
    </UnitTest>
    <UnitTest name="DequeueThrowsContractException38" storage="c:\users\suprdewd\documents\projects\sharpbag\sharpbag.tests\bin\release\sharpbag.tests.dll" id="530e9426-a117-1e44-3c23-eb9bc838bd65">
      <Execution id="d980dddc-5dc3-47a4-80f6-05d73112c2a2" />
      <TestMethod codeBase="C:/Users/SuprDewd/Documents/Projects/SharpBag/SharpBag.Tests/bin/Release/SharpBag.Tests.DLL" adapterTypeName="Microsoft.VisualStudio.TestTools.TestTypes.Unit.UnitTestAdapter, Microsoft.VisualStudio.QualityTools.Tips.UnitTest.Adapter, Version=10.0.0.0, Culture=neutral, PublicKeyToken=b03f5f7f11d50a3a" className="SharpBag.Algorithms.PriorityQueueTTest, SharpBag.Tests, Version=0.0.0.0, Culture=neutral, PublicKeyToken=null" name="DequeueThrowsContractException38" />
    </UnitTest>
    <UnitTest name="CreateIEnumerableThrowsContractException485" storage="c:\users\suprdewd\documents\projects\sharpbag\sharpbag.tests\bin\release\sharpbag.tests.dll" id="28805317-a840-3e77-4899-69199b1265d9">
      <Execution id="784f92c4-6904-41db-8426-542b96debf22" />
      <TestMethod codeBase="C:/Users/SuprDewd/Documents/Projects/SharpBag/SharpBag.Tests/bin/Release/SharpBag.Tests.DLL" adapterTypeName="Microsoft.VisualStudio.TestTools.TestTypes.Unit.UnitTestAdapter, Microsoft.VisualStudio.QualityTools.Tips.UnitTest.Adapter, Version=10.0.0.0, Culture=neutral, PublicKeyToken=b03f5f7f11d50a3a" className="SharpBag.UtilsTest, SharpBag.Tests, Version=0.0.0.0, Culture=neutral, PublicKeyToken=null" name="CreateIEnumerableThrowsContractException485" />
    </UnitTest>
    <UnitTest name="IfNotNull01923" storage="c:\users\suprdewd\documents\projects\sharpbag\sharpbag.tests\bin\release\sharpbag.tests.dll" id="46f11c29-0946-1ee3-1afe-afb72995b905">
      <Execution id="1310c29b-f2c5-4c43-b92d-e0afb6ec1eef" />
      <TestMethod codeBase="C:/Users/SuprDewd/Documents/Projects/SharpBag/SharpBag.Tests/bin/Release/SharpBag.Tests.DLL" adapterTypeName="Microsoft.VisualStudio.TestTools.TestTypes.Unit.UnitTestAdapter, Microsoft.VisualStudio.QualityTools.Tips.UnitTest.Adapter, Version=10.0.0.0, Culture=neutral, PublicKeyToken=b03f5f7f11d50a3a" className="SharpBag.ExtensionsTest, SharpBag.Tests, Version=0.0.0.0, Culture=neutral, PublicKeyToken=null" name="IfNotNull01923" />
    </UnitTest>
    <UnitTest name="As0163214" storage="c:\users\suprdewd\documents\projects\sharpbag\sharpbag.tests\bin\release\sharpbag.tests.dll" id="e5750d14-09bb-ec70-127b-652a47b7dd9c">
      <Execution id="24cdb446-bfbb-4833-9e83-e2c15c050f2a" />
      <TestMethod codeBase="C:/Users/SuprDewd/Documents/Projects/SharpBag/SharpBag.Tests/bin/Release/SharpBag.Tests.DLL" adapterTypeName="Microsoft.VisualStudio.TestTools.TestTypes.Unit.UnitTestAdapter, Microsoft.VisualStudio.QualityTools.Tips.UnitTest.Adapter, Version=10.0.0.0, Culture=neutral, PublicKeyToken=b03f5f7f11d50a3a" className="SharpBag.ExtensionsTest, SharpBag.Tests, Version=0.0.0.0, Culture=neutral, PublicKeyToken=null" name="As0163214" />
    </UnitTest>
    <UnitTest name="As0163251" storage="c:\users\suprdewd\documents\projects\sharpbag\sharpbag.tests\bin\release\sharpbag.tests.dll" id="95816ce1-0531-2f11-d3d8-9f96ac610bcc">
      <Execution id="76767f5c-8e51-487a-ae23-08c05f5beac7" />
      <TestMethod codeBase="C:/Users/SuprDewd/Documents/Projects/SharpBag/SharpBag.Tests/bin/Release/SharpBag.Tests.DLL" adapterTypeName="Microsoft.VisualStudio.TestTools.TestTypes.Unit.UnitTestAdapter, Microsoft.VisualStudio.QualityTools.Tips.UnitTest.Adapter, Version=10.0.0.0, Culture=neutral, PublicKeyToken=b03f5f7f11d50a3a" className="SharpBag.ExtensionsTest, SharpBag.Tests, Version=0.0.0.0, Culture=neutral, PublicKeyToken=null" name="As0163251" />
    </UnitTest>
    <UnitTest name="Fill0168805" storage="c:\users\suprdewd\documents\projects\sharpbag\sharpbag.tests\bin\release\sharpbag.tests.dll" id="61a82769-7381-8ac4-d5a7-8e88dfdda588">
      <Execution id="1154f1d7-2c02-4e8d-a957-018434b91850" />
      <TestMethod codeBase="C:/Users/SuprDewd/Documents/Projects/SharpBag/SharpBag.Tests/bin/Release/SharpBag.Tests.DLL" adapterTypeName="Microsoft.VisualStudio.TestTools.TestTypes.Unit.UnitTestAdapter, Microsoft.VisualStudio.QualityTools.Tips.UnitTest.Adapter, Version=10.0.0.0, Culture=neutral, PublicKeyToken=b03f5f7f11d50a3a" className="SharpBag.ExtensionsTest, SharpBag.Tests, Version=0.0.0.0, Culture=neutral, PublicKeyToken=null" name="Fill0168805" />
    </UnitTest>
    <UnitTest name="AsEnumerable0258802" storage="c:\users\suprdewd\documents\projects\sharpbag\sharpbag.tests\bin\release\sharpbag.tests.dll" id="80c446f8-daa9-dd90-7ba0-f56b79877aec">
      <Execution id="b8801540-f439-48a2-9cf0-c95bc22f7426" />
      <TestMethod codeBase="C:/Users/SuprDewd/Documents/Projects/SharpBag/SharpBag.Tests/bin/Release/SharpBag.Tests.DLL" adapterTypeName="Microsoft.VisualStudio.TestTools.TestTypes.Unit.UnitTestAdapter, Microsoft.VisualStudio.QualityTools.Tips.UnitTest.Adapter, Version=10.0.0.0, Culture=neutral, PublicKeyToken=b03f5f7f11d50a3a" className="SharpBag.ExtensionsTest, SharpBag.Tests, Version=0.0.0.0, Culture=neutral, PublicKeyToken=null" name="AsEnumerable0258802" />
    </UnitTest>
    <UnitTest name="ForEach90802" storage="c:\users\suprdewd\documents\projects\sharpbag\sharpbag.tests\bin\release\sharpbag.tests.dll" id="1903a639-b5d9-1b4f-9c30-0405b15e8f12">
      <Execution id="12357e0c-ffc7-4c10-934b-409c202ac8e9" />
      <TestMethod codeBase="C:/Users/SuprDewd/Documents/Projects/SharpBag/SharpBag.Tests/bin/Release/SharpBag.Tests.DLL" adapterTypeName="Microsoft.VisualStudio.TestTools.TestTypes.Unit.UnitTestAdapter, Microsoft.VisualStudio.QualityTools.Tips.UnitTest.Adapter, Version=10.0.0.0, Culture=neutral, PublicKeyToken=b03f5f7f11d50a3a" className="SharpBag.ExtensionsTest, SharpBag.Tests, Version=0.0.0.0, Culture=neutral, PublicKeyToken=null" name="ForEach90802" />
    </UnitTest>
    <UnitTest name="GetEnumerator016901" storage="c:\users\suprdewd\documents\projects\sharpbag\sharpbag.tests\bin\release\sharpbag.tests.dll" id="3340cb14-cf3b-8e1f-ca28-73acf64d833a">
      <Execution id="5300c038-dc08-4eb6-9396-ff7c3cc35885" />
      <TestMethod codeBase="C:/Users/SuprDewd/Documents/Projects/SharpBag/SharpBag.Tests/bin/Release/SharpBag.Tests.DLL" adapterTypeName="Microsoft.VisualStudio.TestTools.TestTypes.Unit.UnitTestAdapter, Microsoft.VisualStudio.QualityTools.Tips.UnitTest.Adapter, Version=10.0.0.0, Culture=neutral, PublicKeyToken=b03f5f7f11d50a3a" className="SharpBag.Algorithms.PriorityQueueTTest, SharpBag.Tests, Version=0.0.0.0, Culture=neutral, PublicKeyToken=null" name="GetEnumerator016901" />
    </UnitTest>
    <UnitTest name="ForEach12504" storage="c:\users\suprdewd\documents\projects\sharpbag\sharpbag.tests\bin\release\sharpbag.tests.dll" id="36c0ac7a-9f37-b952-7a17-2ad1e9132b69">
      <Execution id="486f9e19-23ae-4984-b13a-ddbf380c2b4a" />
      <TestMethod codeBase="C:/Users/SuprDewd/Documents/Projects/SharpBag/SharpBag.Tests/bin/Release/SharpBag.Tests.DLL" adapterTypeName="Microsoft.VisualStudio.TestTools.TestTypes.Unit.UnitTestAdapter, Microsoft.VisualStudio.QualityTools.Tips.UnitTest.Adapter, Version=10.0.0.0, Culture=neutral, PublicKeyToken=b03f5f7f11d50a3a" className="SharpBag.ExtensionsTest, SharpBag.Tests, Version=0.0.0.0, Culture=neutral, PublicKeyToken=null" name="ForEach12504" />
    </UnitTest>
    <UnitTest name="As0136703" storage="c:\users\suprdewd\documents\projects\sharpbag\sharpbag.tests\bin\release\sharpbag.tests.dll" id="e80fc0c4-2914-56fc-191b-489f27774cbc">
      <Execution id="2eb5663f-6ed5-4184-b06e-596ea54b0fe7" />
      <TestMethod codeBase="C:/Users/SuprDewd/Documents/Projects/SharpBag/SharpBag.Tests/bin/Release/SharpBag.Tests.DLL" adapterTypeName="Microsoft.VisualStudio.TestTools.TestTypes.Unit.UnitTestAdapter, Microsoft.VisualStudio.QualityTools.Tips.UnitTest.Adapter, Version=10.0.0.0, Culture=neutral, PublicKeyToken=b03f5f7f11d50a3a" className="SharpBag.ExtensionsTest, SharpBag.Tests, Version=0.0.0.0, Culture=neutral, PublicKeyToken=null" name="As0136703" />
    </UnitTest>
    <UnitTest name="GetEnumerator20301" storage="c:\users\suprdewd\documents\projects\sharpbag\sharpbag.tests\bin\release\sharpbag.tests.dll" id="94035d88-ed3c-a1c6-5571-0e7a52145b86">
      <Execution id="3bf9eaf2-272d-49d7-bbe3-03333313dd2f" />
      <TestMethod codeBase="C:/Users/SuprDewd/Documents/Projects/SharpBag/SharpBag.Tests/bin/Release/SharpBag.Tests.DLL" adapterTypeName="Microsoft.VisualStudio.TestTools.TestTypes.Unit.UnitTestAdapter, Microsoft.VisualStudio.QualityTools.Tips.UnitTest.Adapter, Version=10.0.0.0, Culture=neutral, PublicKeyToken=b03f5f7f11d50a3a" className="SharpBag.Algorithms.PriorityQueueTTest, SharpBag.Tests, Version=0.0.0.0, Culture=neutral, PublicKeyToken=null" name="GetEnumerator20301" />
    </UnitTest>
    <UnitTest name="As0136704" storage="c:\users\suprdewd\documents\projects\sharpbag\sharpbag.tests\bin\release\sharpbag.tests.dll" id="29095a51-c311-c865-7cf1-7076578258b7">
      <Execution id="429cd244-9c02-40f9-a15e-09a2cb3c0568" />
      <TestMethod codeBase="C:/Users/SuprDewd/Documents/Projects/SharpBag/SharpBag.Tests/bin/Release/SharpBag.Tests.DLL" adapterTypeName="Microsoft.VisualStudio.TestTools.TestTypes.Unit.UnitTestAdapter, Microsoft.VisualStudio.QualityTools.Tips.UnitTest.Adapter, Version=10.0.0.0, Culture=neutral, PublicKeyToken=b03f5f7f11d50a3a" className="SharpBag.ExtensionsTest, SharpBag.Tests, Version=0.0.0.0, Culture=neutral, PublicKeyToken=null" name="As0136704" />
    </UnitTest>
    <UnitTest name="NullOr90703" storage="c:\users\suprdewd\documents\projects\sharpbag\sharpbag.tests\bin\release\sharpbag.tests.dll" id="97102229-37fa-e978-ffae-7fd4c7300f98">
      <Execution id="aa38107b-5efe-46d7-81ad-0c24f1928ab8" />
      <TestMethod codeBase="C:/Users/SuprDewd/Documents/Projects/SharpBag/SharpBag.Tests/bin/Release/SharpBag.Tests.DLL" adapterTypeName="Microsoft.VisualStudio.TestTools.TestTypes.Unit.UnitTestAdapter, Microsoft.VisualStudio.QualityTools.Tips.UnitTest.Adapter, Version=10.0.0.0, Culture=neutral, PublicKeyToken=b03f5f7f11d50a3a" className="SharpBag.ExtensionsTest, SharpBag.Tests, Version=0.0.0.0, Culture=neutral, PublicKeyToken=null" name="NullOr90703" />
    </UnitTest>
    <UnitTest name="IfNotNull17303" storage="c:\users\suprdewd\documents\projects\sharpbag\sharpbag.tests\bin\release\sharpbag.tests.dll" id="d75bbbff-3e3e-ac68-2b4f-48cfb14f2d0a">
      <Execution id="edd640c5-57ee-4942-b631-c1149ad7d86f" />
      <TestMethod codeBase="C:/Users/SuprDewd/Documents/Projects/SharpBag/SharpBag.Tests/bin/Release/SharpBag.Tests.DLL" adapterTypeName="Microsoft.VisualStudio.TestTools.TestTypes.Unit.UnitTestAdapter, Microsoft.VisualStudio.QualityTools.Tips.UnitTest.Adapter, Version=10.0.0.0, Culture=neutral, PublicKeyToken=b03f5f7f11d50a3a" className="SharpBag.ExtensionsTest, SharpBag.Tests, Version=0.0.0.0, Culture=neutral, PublicKeyToken=null" name="IfNotNull17303" />
    </UnitTest>
    <UnitTest name="NullOr71405" storage="c:\users\suprdewd\documents\projects\sharpbag\sharpbag.tests\bin\release\sharpbag.tests.dll" id="65cd41cd-3590-8447-2d3a-ee7f389d323c">
      <Execution id="13698f22-bf39-40d9-a3c9-763ec5084ee4" />
      <TestMethod codeBase="C:/Users/SuprDewd/Documents/Projects/SharpBag/SharpBag.Tests/bin/Release/SharpBag.Tests.DLL" adapterTypeName="Microsoft.VisualStudio.TestTools.TestTypes.Unit.UnitTestAdapter, Microsoft.VisualStudio.QualityTools.Tips.UnitTest.Adapter, Version=10.0.0.0, Culture=neutral, PublicKeyToken=b03f5f7f11d50a3a" className="SharpBag.ExtensionsTest, SharpBag.Tests, Version=0.0.0.0, Culture=neutral, PublicKeyToken=null" name="NullOr71405" />
    </UnitTest>
    <UnitTest name="Add88506" storage="c:\users\suprdewd\documents\projects\sharpbag\sharpbag.tests\bin\release\sharpbag.tests.dll" id="cde3f8df-5511-2974-1851-e9e6d6fb436e">
      <Execution id="0bbae3c4-7d5a-42c6-9b73-915893d67efb" />
      <TestMethod codeBase="C:/Users/SuprDewd/Documents/Projects/SharpBag/SharpBag.Tests/bin/Release/SharpBag.Tests.DLL" adapterTypeName="Microsoft.VisualStudio.TestTools.TestTypes.Unit.UnitTestAdapter, Microsoft.VisualStudio.QualityTools.Tips.UnitTest.Adapter, Version=10.0.0.0, Culture=neutral, PublicKeyToken=b03f5f7f11d50a3a" className="SharpBag.ExtensionsTest, SharpBag.Tests, Version=0.0.0.0, Culture=neutral, PublicKeyToken=null" name="Add88506" />
    </UnitTest>
    <UnitTest name="As0166402" storage="c:\users\suprdewd\documents\projects\sharpbag\sharpbag.tests\bin\release\sharpbag.tests.dll" id="7a9400e0-6f1a-74cc-aaf2-4e620d01eac4">
      <Execution id="1c98eab2-2180-4dce-9e95-7972e28ba38a" />
      <TestMethod codeBase="C:/Users/SuprDewd/Documents/Projects/SharpBag/SharpBag.Tests/bin/Release/SharpBag.Tests.DLL" adapterTypeName="Microsoft.VisualStudio.TestTools.TestTypes.Unit.UnitTestAdapter, Microsoft.VisualStudio.QualityTools.Tips.UnitTest.Adapter, Version=10.0.0.0, Culture=neutral, PublicKeyToken=b03f5f7f11d50a3a" className="SharpBag.ExtensionsTest, SharpBag.Tests, Version=0.0.0.0, Culture=neutral, PublicKeyToken=null" name="As0166402" />
    </UnitTest>
    <UnitTest name="As170" storage="c:\users\suprdewd\documents\projects\sharpbag\sharpbag.tests\bin\release\sharpbag.tests.dll" id="0e645c38-e73b-967d-e94f-74a8d38a05b3">
      <Execution id="987aafee-27d1-4863-b24a-50a266a9f4c7" />
      <TestMethod codeBase="C:/Users/SuprDewd/Documents/Projects/SharpBag/SharpBag.Tests/bin/Release/SharpBag.Tests.DLL" adapterTypeName="Microsoft.VisualStudio.TestTools.TestTypes.Unit.UnitTestAdapter, Microsoft.VisualStudio.QualityTools.Tips.UnitTest.Adapter, Version=10.0.0.0, Culture=neutral, PublicKeyToken=b03f5f7f11d50a3a" className="SharpBag.ExtensionsTest, SharpBag.Tests, Version=0.0.0.0, Culture=neutral, PublicKeyToken=null" name="As170" />
    </UnitTest>
    <UnitTest name="Fill0110503" storage="c:\users\suprdewd\documents\projects\sharpbag\sharpbag.tests\bin\release\sharpbag.tests.dll" id="2f965438-892b-963f-1d2d-a0dc16402531">
      <Execution id="51007925-b1ca-4b67-b9ac-b577456d177d" />
      <TestMethod codeBase="C:/Users/SuprDewd/Documents/Projects/SharpBag/SharpBag.Tests/bin/Release/SharpBag.Tests.DLL" adapterTypeName="Microsoft.VisualStudio.TestTools.TestTypes.Unit.UnitTestAdapter, Microsoft.VisualStudio.QualityTools.Tips.UnitTest.Adapter, Version=10.0.0.0, Culture=neutral, PublicKeyToken=b03f5f7f11d50a3a" className="SharpBag.ExtensionsTest, SharpBag.Tests, Version=0.0.0.0, Culture=neutral, PublicKeyToken=null" name="Fill0110503" />
    </UnitTest>
    <UnitTest name="IfNotNull17302" storage="c:\users\suprdewd\documents\projects\sharpbag\sharpbag.tests\bin\release\sharpbag.tests.dll" id="46ca0fd9-03e1-55e3-3ad7-b4625d8d07c0">
      <Execution id="b57cdd93-f47f-4055-a6ce-8b67804f2a8e" />
      <TestMethod codeBase="C:/Users/SuprDewd/Documents/Projects/SharpBag/SharpBag.Tests/bin/Release/SharpBag.Tests.DLL" adapterTypeName="Microsoft.VisualStudio.TestTools.TestTypes.Unit.UnitTestAdapter, Microsoft.VisualStudio.QualityTools.Tips.UnitTest.Adapter, Version=10.0.0.0, Culture=neutral, PublicKeyToken=b03f5f7f11d50a3a" className="SharpBag.ExtensionsTest, SharpBag.Tests, Version=0.0.0.0, Culture=neutral, PublicKeyToken=null" name="IfNotNull17302" />
    </UnitTest>
    <UnitTest name="As0166405" storage="c:\users\suprdewd\documents\projects\sharpbag\sharpbag.tests\bin\release\sharpbag.tests.dll" id="e197bdfc-0045-603d-fd55-1b37a447bd99">
      <Execution id="8d5c54d9-3d52-4793-8063-365dc9a8594a" />
      <TestMethod codeBase="C:/Users/SuprDewd/Documents/Projects/SharpBag/SharpBag.Tests/bin/Release/SharpBag.Tests.DLL" adapterTypeName="Microsoft.VisualStudio.TestTools.TestTypes.Unit.UnitTestAdapter, Microsoft.VisualStudio.QualityTools.Tips.UnitTest.Adapter, Version=10.0.0.0, Culture=neutral, PublicKeyToken=b03f5f7f11d50a3a" className="SharpBag.ExtensionsTest, SharpBag.Tests, Version=0.0.0.0, Culture=neutral, PublicKeyToken=null" name="As0166405" />
    </UnitTest>
    <UnitTest name="As0163223" storage="c:\users\suprdewd\documents\projects\sharpbag\sharpbag.tests\bin\release\sharpbag.tests.dll" id="ec55615d-1e36-c752-f2bf-b20284d0ae33">
      <Execution id="d06602f3-d349-4524-bad8-04a8943135b4" />
      <TestMethod codeBase="C:/Users/SuprDewd/Documents/Projects/SharpBag/SharpBag.Tests/bin/Release/SharpBag.Tests.DLL" adapterTypeName="Microsoft.VisualStudio.TestTools.TestTypes.Unit.UnitTestAdapter, Microsoft.VisualStudio.QualityTools.Tips.UnitTest.Adapter, Version=10.0.0.0, Culture=neutral, PublicKeyToken=b03f5f7f11d50a3a" className="SharpBag.ExtensionsTest, SharpBag.Tests, Version=0.0.0.0, Culture=neutral, PublicKeyToken=null" name="As0163223" />
    </UnitTest>
    <UnitTest name="UnionAll02ThrowsContractException669" storage="c:\users\suprdewd\documents\projects\sharpbag\sharpbag.tests\bin\release\sharpbag.tests.dll" id="4828b82d-197c-d38d-1052-fb24855ec6ae">
      <Execution id="6e39631a-e0ae-4529-8a5c-6a1675b32e3a" />
      <TestMethod codeBase="C:/Users/SuprDewd/Documents/Projects/SharpBag/SharpBag.Tests/bin/Release/SharpBag.Tests.DLL" adapterTypeName="Microsoft.VisualStudio.TestTools.TestTypes.Unit.UnitTestAdapter, Microsoft.VisualStudio.QualityTools.Tips.UnitTest.Adapter, Version=10.0.0.0, Culture=neutral, PublicKeyToken=b03f5f7f11d50a3a" className="SharpBag.ExtensionsTest, SharpBag.Tests, Version=0.0.0.0, Culture=neutral, PublicKeyToken=null" name="UnionAll02ThrowsContractException669" />
    </UnitTest>
    <UnitTest name="UnionAllThrowsContractException498" storage="c:\users\suprdewd\documents\projects\sharpbag\sharpbag.tests\bin\release\sharpbag.tests.dll" id="0c6370f1-3a15-0de1-18cb-8da30dd57ee7">
      <Execution id="89ed64b2-d5e2-4632-94bb-3162b29f0131" />
      <TestMethod codeBase="C:/Users/SuprDewd/Documents/Projects/SharpBag/SharpBag.Tests/bin/Release/SharpBag.Tests.DLL" adapterTypeName="Microsoft.VisualStudio.TestTools.TestTypes.Unit.UnitTestAdapter, Microsoft.VisualStudio.QualityTools.Tips.UnitTest.Adapter, Version=10.0.0.0, Culture=neutral, PublicKeyToken=b03f5f7f11d50a3a" className="SharpBag.ExtensionsTest, SharpBag.Tests, Version=0.0.0.0, Culture=neutral, PublicKeyToken=null" name="UnionAllThrowsContractException498" />
    </UnitTest>
    <UnitTest name="RangeThrowsContractException958" storage="c:\users\suprdewd\documents\projects\sharpbag\sharpbag.tests\bin\release\sharpbag.tests.dll" id="0cb477c5-7b02-500d-45eb-bb863b0c13bb">
      <Execution id="4eaa2c37-25b2-42f8-951f-17ccc20fd3b0" />
      <TestMethod codeBase="C:/Users/SuprDewd/Documents/Projects/SharpBag/SharpBag.Tests/bin/Release/SharpBag.Tests.DLL" adapterTypeName="Microsoft.VisualStudio.TestTools.TestTypes.Unit.UnitTestAdapter, Microsoft.VisualStudio.QualityTools.Tips.UnitTest.Adapter, Version=10.0.0.0, Culture=neutral, PublicKeyToken=b03f5f7f11d50a3a" className="SharpBag.ExtensionsTest, SharpBag.Tests, Version=0.0.0.0, Culture=neutral, PublicKeyToken=null" name="RangeThrowsContractException958" />
    </UnitTest>
    <UnitTest name="Add88502" storage="c:\users\suprdewd\documents\projects\sharpbag\sharpbag.tests\bin\release\sharpbag.tests.dll" id="6fb9b650-50a8-89e9-0d35-3a3dc4939152">
      <Execution id="b9022aea-82e3-403c-85c9-acfcb847a659" />
      <TestMethod codeBase="C:/Users/SuprDewd/Documents/Projects/SharpBag/SharpBag.Tests/bin/Release/SharpBag.Tests.DLL" adapterTypeName="Microsoft.VisualStudio.TestTools.TestTypes.Unit.UnitTestAdapter, Microsoft.VisualStudio.QualityTools.Tips.UnitTest.Adapter, Version=10.0.0.0, Culture=neutral, PublicKeyToken=b03f5f7f11d50a3a" className="SharpBag.ExtensionsTest, SharpBag.Tests, Version=0.0.0.0, Culture=neutral, PublicKeyToken=null" name="Add88502" />
    </UnitTest>
    <UnitTest name="As0132102" storage="c:\users\suprdewd\documents\projects\sharpbag\sharpbag.tests\bin\release\sharpbag.tests.dll" id="920395ef-4d81-2796-a8e3-57b62c679836">
      <Execution id="585f5e6e-fde1-422f-abb4-1452448811f3" />
      <TestMethod codeBase="C:/Users/SuprDewd/Documents/Projects/SharpBag/SharpBag.Tests/bin/Release/SharpBag.Tests.DLL" adapterTypeName="Microsoft.VisualStudio.TestTools.TestTypes.Unit.UnitTestAdapter, Microsoft.VisualStudio.QualityTools.Tips.UnitTest.Adapter, Version=10.0.0.0, Culture=neutral, PublicKeyToken=b03f5f7f11d50a3a" className="SharpBag.ExtensionsTest, SharpBag.Tests, Version=0.0.0.0, Culture=neutral, PublicKeyToken=null" name="As0132102" />
    </UnitTest>
    <UnitTest name="CollatzCount510" storage="c:\users\suprdewd\documents\projects\sharpbag\sharpbag.tests\bin\release\sharpbag.tests.dll" id="1b741696-a239-fa83-4bfb-5be27d6d2eb3">
      <Execution id="34f91791-6ae6-42a3-bffe-81a0c0072a7a" />
      <TestMethod codeBase="C:/Users/SuprDewd/Documents/Projects/SharpBag/SharpBag.Tests/bin/Release/SharpBag.Tests.DLL" adapterTypeName="Microsoft.VisualStudio.TestTools.TestTypes.Unit.UnitTestAdapter, Microsoft.VisualStudio.QualityTools.Tips.UnitTest.Adapter, Version=10.0.0.0, Culture=neutral, PublicKeyToken=b03f5f7f11d50a3a" className="SharpBag.Math.MathExtensionsTest, SharpBag.Tests, Version=0.0.0.0, Culture=neutral, PublicKeyToken=null" name="CollatzCount510" />
    </UnitTest>
    <UnitTest name="As01ThrowsContractException598" storage="c:\users\suprdewd\documents\projects\sharpbag\sharpbag.tests\bin\release\sharpbag.tests.dll" id="d547ad6e-782f-a39e-e1be-9fb7bf1da3b9">
      <Execution id="e4c47c35-bede-4045-a6cd-8e04954fccb6" />
      <TestMethod codeBase="C:/Users/SuprDewd/Documents/Projects/SharpBag/SharpBag.Tests/bin/Release/SharpBag.Tests.DLL" adapterTypeName="Microsoft.VisualStudio.TestTools.TestTypes.Unit.UnitTestAdapter, Microsoft.VisualStudio.QualityTools.Tips.UnitTest.Adapter, Version=10.0.0.0, Culture=neutral, PublicKeyToken=b03f5f7f11d50a3a" className="SharpBag.ExtensionsTest, SharpBag.Tests, Version=0.0.0.0, Culture=neutral, PublicKeyToken=null" name="As01ThrowsContractException598" />
    </UnitTest>
    <UnitTest name="Single617" storage="c:\users\suprdewd\documents\projects\sharpbag\sharpbag.tests\bin\release\sharpbag.tests.dll" id="b6dfae7d-5cf1-2d64-17e8-8a5ce5813218">
      <Execution id="4eb25bc2-eca5-4956-94eb-7e06541c2664" />
      <TestMethod codeBase="C:/Users/SuprDewd/Documents/Projects/SharpBag/SharpBag.Tests/bin/Release/SharpBag.Tests.DLL" adapterTypeName="Microsoft.VisualStudio.TestTools.TestTypes.Unit.UnitTestAdapter, Microsoft.VisualStudio.QualityTools.Tips.UnitTest.Adapter, Version=10.0.0.0, Culture=neutral, PublicKeyToken=b03f5f7f11d50a3a" className="SharpBag.UtilsTest, SharpBag.Tests, Version=0.0.0.0, Culture=neutral, PublicKeyToken=null" name="Single617" />
    </UnitTest>
    <UnitTest name="IsIn570" storage="c:\users\suprdewd\documents\projects\sharpbag\sharpbag.tests\bin\release\sharpbag.tests.dll" id="1e811e95-82b3-7182-a1a6-ec99686bab87">
      <Execution id="2cd6af5a-e780-4d8a-a373-43ae79294484" />
      <TestMethod codeBase="C:/Users/SuprDewd/Documents/Projects/SharpBag/SharpBag.Tests/bin/Release/SharpBag.Tests.DLL" adapterTypeName="Microsoft.VisualStudio.TestTools.TestTypes.Unit.UnitTestAdapter, Microsoft.VisualStudio.QualityTools.Tips.UnitTest.Adapter, Version=10.0.0.0, Culture=neutral, PublicKeyToken=b03f5f7f11d50a3a" className="SharpBag.ExtensionsTest, SharpBag.Tests, Version=0.0.0.0, Culture=neutral, PublicKeyToken=null" name="IsIn570" />
    </UnitTest>
    <UnitTest name="Shuffle52101" storage="c:\users\suprdewd\documents\projects\sharpbag\sharpbag.tests\bin\release\sharpbag.tests.dll" id="2e27cda4-16b0-824b-d141-c5b5382ec851">
      <Execution id="c39df63c-baaa-409d-bcea-dff5784984ed" />
      <TestMethod codeBase="C:/Users/SuprDewd/Documents/Projects/SharpBag/SharpBag.Tests/bin/Release/SharpBag.Tests.DLL" adapterTypeName="Microsoft.VisualStudio.TestTools.TestTypes.Unit.UnitTestAdapter, Microsoft.VisualStudio.QualityTools.Tips.UnitTest.Adapter, Version=10.0.0.0, Culture=neutral, PublicKeyToken=b03f5f7f11d50a3a" className="SharpBag.ExtensionsTest, SharpBag.Tests, Version=0.0.0.0, Culture=neutral, PublicKeyToken=null" name="Shuffle52101" />
    </UnitTest>
    <UnitTest name="As0163253" storage="c:\users\suprdewd\documents\projects\sharpbag\sharpbag.tests\bin\release\sharpbag.tests.dll" id="e8dd01cd-30c9-943f-8fc4-f4240bad21f1">
      <Execution id="e177ff07-6e30-41a6-83f1-1c3b6c8041ec" />
      <TestMethod codeBase="C:/Users/SuprDewd/Documents/Projects/SharpBag/SharpBag.Tests/bin/Release/SharpBag.Tests.DLL" adapterTypeName="Microsoft.VisualStudio.TestTools.TestTypes.Unit.UnitTestAdapter, Microsoft.VisualStudio.QualityTools.Tips.UnitTest.Adapter, Version=10.0.0.0, Culture=neutral, PublicKeyToken=b03f5f7f11d50a3a" className="SharpBag.ExtensionsTest, SharpBag.Tests, Version=0.0.0.0, Culture=neutral, PublicKeyToken=null" name="As0163253" />
    </UnitTest>
    <UnitTest name="To0459801" storage="c:\users\suprdewd\documents\projects\sharpbag\sharpbag.tests\bin\release\sharpbag.tests.dll" id="0e73a463-cb0d-f992-9d84-5941849f04d6">
      <Execution id="2b59e830-8029-4729-88de-e9f0eb6ec098" />
      <TestMethod codeBase="C:/Users/SuprDewd/Documents/Projects/SharpBag/SharpBag.Tests/bin/Release/SharpBag.Tests.DLL" adapterTypeName="Microsoft.VisualStudio.TestTools.TestTypes.Unit.UnitTestAdapter, Microsoft.VisualStudio.QualityTools.Tips.UnitTest.Adapter, Version=10.0.0.0, Culture=neutral, PublicKeyToken=b03f5f7f11d50a3a" className="SharpBag.ExtensionsTest, SharpBag.Tests, Version=0.0.0.0, Culture=neutral, PublicKeyToken=null" name="To0459801" />
    </UnitTest>
    <UnitTest name="CountGet1901" storage="c:\users\suprdewd\documents\projects\sharpbag\sharpbag.tests\bin\release\sharpbag.tests.dll" id="fa540630-b33a-7141-4c49-c4e59268577a">
      <Execution id="59e731f7-7f80-4cb4-bd69-c4fcc903383e" />
      <TestMethod codeBase="C:/Users/SuprDewd/Documents/Projects/SharpBag/SharpBag.Tests/bin/Release/SharpBag.Tests.DLL" adapterTypeName="Microsoft.VisualStudio.TestTools.TestTypes.Unit.UnitTestAdapter, Microsoft.VisualStudio.QualityTools.Tips.UnitTest.Adapter, Version=10.0.0.0, Culture=neutral, PublicKeyToken=b03f5f7f11d50a3a" className="SharpBag.Algorithms.PriorityQueueTTest, SharpBag.Tests, Version=0.0.0.0, Culture=neutral, PublicKeyToken=null" name="CountGet1901" />
    </UnitTest>
    <UnitTest name="Add609" storage="c:\users\suprdewd\documents\projects\sharpbag\sharpbag.tests\bin\release\sharpbag.tests.dll" id="7068f11c-cf82-d38d-0f16-16dd9f7c090f">
      <Execution id="4481f1e7-4115-4e58-a837-5a0f0925e521" />
      <TestMethod codeBase="C:/Users/SuprDewd/Documents/Projects/SharpBag/SharpBag.Tests/bin/Release/SharpBag.Tests.DLL" adapterTypeName="Microsoft.VisualStudio.TestTools.TestTypes.Unit.UnitTestAdapter, Microsoft.VisualStudio.QualityTools.Tips.UnitTest.Adapter, Version=10.0.0.0, Culture=neutral, PublicKeyToken=b03f5f7f11d50a3a" className="SharpBag.ExtensionsTest, SharpBag.Tests, Version=0.0.0.0, Culture=neutral, PublicKeyToken=null" name="Add609" />
    </UnitTest>
    <UnitTest name="Execute424" storage="c:\users\suprdewd\documents\projects\sharpbag\sharpbag.tests\bin\release\sharpbag.tests.dll" id="c3a5f774-5c25-7fa7-593c-10a98b5db768">
      <Execution id="43835e6c-4df7-4640-984a-8e445eb9f6cb" />
      <TestMethod codeBase="C:/Users/SuprDewd/Documents/Projects/SharpBag/SharpBag.Tests/bin/Release/SharpBag.Tests.DLL" adapterTypeName="Microsoft.VisualStudio.TestTools.TestTypes.Unit.UnitTestAdapter, Microsoft.VisualStudio.QualityTools.Tips.UnitTest.Adapter, Version=10.0.0.0, Culture=neutral, PublicKeyToken=b03f5f7f11d50a3a" className="SharpBag.ExtensionsTest, SharpBag.Tests, Version=0.0.0.0, Culture=neutral, PublicKeyToken=null" name="Execute424" />
    </UnitTest>
    <UnitTest name="ForEach78803" storage="c:\users\suprdewd\documents\projects\sharpbag\sharpbag.tests\bin\release\sharpbag.tests.dll" id="71153c10-625e-eee7-0105-ad1f18f9fb72">
      <Execution id="6e61cc46-9c8b-4a33-b13b-b5bbc39dfa38" />
      <TestMethod codeBase="C:/Users/SuprDewd/Documents/Projects/SharpBag/SharpBag.Tests/bin/Release/SharpBag.Tests.DLL" adapterTypeName="Microsoft.VisualStudio.TestTools.TestTypes.Unit.UnitTestAdapter, Microsoft.VisualStudio.QualityTools.Tips.UnitTest.Adapter, Version=10.0.0.0, Culture=neutral, PublicKeyToken=b03f5f7f11d50a3a" className="SharpBag.ExtensionsTest, SharpBag.Tests, Version=0.0.0.0, Culture=neutral, PublicKeyToken=null" name="ForEach78803" />
    </UnitTest>
    <UnitTest name="Fill0110501" storage="c:\users\suprdewd\documents\projects\sharpbag\sharpbag.tests\bin\release\sharpbag.tests.dll" id="19033310-a8dd-db0b-1dcd-2bf1bef510ca">
      <Execution id="070a4012-3043-411b-b157-d5fe4085966d" />
      <TestMethod codeBase="C:/Users/SuprDewd/Documents/Projects/SharpBag/SharpBag.Tests/bin/Release/SharpBag.Tests.DLL" adapterTypeName="Microsoft.VisualStudio.TestTools.TestTypes.Unit.UnitTestAdapter, Microsoft.VisualStudio.QualityTools.Tips.UnitTest.Adapter, Version=10.0.0.0, Culture=neutral, PublicKeyToken=b03f5f7f11d50a3a" className="SharpBag.ExtensionsTest, SharpBag.Tests, Version=0.0.0.0, Culture=neutral, PublicKeyToken=null" name="Fill0110501" />
    </UnitTest>
    <UnitTest name="ForEachThrowsContractException599" storage="c:\users\suprdewd\documents\projects\sharpbag\sharpbag.tests\bin\release\sharpbag.tests.dll" id="361a1550-e2b2-7624-b616-00a1d7f9e7ef">
      <Execution id="5ef42f84-1e1d-4905-b88b-35a1fbc7e5cc" />
      <TestMethod codeBase="C:/Users/SuprDewd/Documents/Projects/SharpBag/SharpBag.Tests/bin/Release/SharpBag.Tests.DLL" adapterTypeName="Microsoft.VisualStudio.TestTools.TestTypes.Unit.UnitTestAdapter, Microsoft.VisualStudio.QualityTools.Tips.UnitTest.Adapter, Version=10.0.0.0, Culture=neutral, PublicKeyToken=b03f5f7f11d50a3a" className="SharpBag.ExtensionsTest, SharpBag.Tests, Version=0.0.0.0, Culture=neutral, PublicKeyToken=null" name="ForEachThrowsContractException599" />
    </UnitTest>
    <UnitTest name="ForEach90804" storage="c:\users\suprdewd\documents\projects\sharpbag\sharpbag.tests\bin\release\sharpbag.tests.dll" id="116e53ad-53cc-1f8c-5eeb-a61eba3cd5e8">
      <Execution id="2442e3b0-8f3e-4f8c-87ec-88623c7d7d79" />
      <TestMethod codeBase="C:/Users/SuprDewd/Documents/Projects/SharpBag/SharpBag.Tests/bin/Release/SharpBag.Tests.DLL" adapterTypeName="Microsoft.VisualStudio.TestTools.TestTypes.Unit.UnitTestAdapter, Microsoft.VisualStudio.QualityTools.Tips.UnitTest.Adapter, Version=10.0.0.0, Culture=neutral, PublicKeyToken=b03f5f7f11d50a3a" className="SharpBag.ExtensionsTest, SharpBag.Tests, Version=0.0.0.0, Culture=neutral, PublicKeyToken=null" name="ForEach90804" />
    </UnitTest>
    <UnitTest name="NullOr71404" storage="c:\users\suprdewd\documents\projects\sharpbag\sharpbag.tests\bin\release\sharpbag.tests.dll" id="4d41008a-7d5b-c195-89ca-25e2bba2803d">
      <Execution id="883d47e2-8f1b-40d3-b875-eb98e6401154" />
      <TestMethod codeBase="C:/Users/SuprDewd/Documents/Projects/SharpBag/SharpBag.Tests/bin/Release/SharpBag.Tests.DLL" adapterTypeName="Microsoft.VisualStudio.TestTools.TestTypes.Unit.UnitTestAdapter, Microsoft.VisualStudio.QualityTools.Tips.UnitTest.Adapter, Version=10.0.0.0, Culture=neutral, PublicKeyToken=b03f5f7f11d50a3a" className="SharpBag.ExtensionsTest, SharpBag.Tests, Version=0.0.0.0, Culture=neutral, PublicKeyToken=null" name="NullOr71404" />
    </UnitTest>
    <UnitTest name="ForEach125" storage="c:\users\suprdewd\documents\projects\sharpbag\sharpbag.tests\bin\release\sharpbag.tests.dll" id="193af604-0c49-1c0a-39c2-739404c2ca21">
      <Execution id="aa99a7ca-4fc3-440a-a5ab-3181562bbf6a" />
      <TestMethod codeBase="C:/Users/SuprDewd/Documents/Projects/SharpBag/SharpBag.Tests/bin/Release/SharpBag.Tests.DLL" adapterTypeName="Microsoft.VisualStudio.TestTools.TestTypes.Unit.UnitTestAdapter, Microsoft.VisualStudio.QualityTools.Tips.UnitTest.Adapter, Version=10.0.0.0, Culture=neutral, PublicKeyToken=b03f5f7f11d50a3a" className="SharpBag.ExtensionsTest, SharpBag.Tests, Version=0.0.0.0, Culture=neutral, PublicKeyToken=null" name="ForEach125" />
    </UnitTest>
    <UnitTest name="IfNotNull17301" storage="c:\users\suprdewd\documents\projects\sharpbag\sharpbag.tests\bin\release\sharpbag.tests.dll" id="fdc6582f-0eab-5f36-d160-7547a6de5dbb">
      <Execution id="6ab7ef11-22a9-43a0-bc88-61c0c9898875" />
      <TestMethod codeBase="C:/Users/SuprDewd/Documents/Projects/SharpBag/SharpBag.Tests/bin/Release/SharpBag.Tests.DLL" adapterTypeName="Microsoft.VisualStudio.TestTools.TestTypes.Unit.UnitTestAdapter, Microsoft.VisualStudio.QualityTools.Tips.UnitTest.Adapter, Version=10.0.0.0, Culture=neutral, PublicKeyToken=b03f5f7f11d50a3a" className="SharpBag.ExtensionsTest, SharpBag.Tests, Version=0.0.0.0, Culture=neutral, PublicKeyToken=null" name="IfNotNull17301" />
    </UnitTest>
    <UnitTest name="Enqueue74301" storage="c:\users\suprdewd\documents\projects\sharpbag\sharpbag.tests\bin\release\sharpbag.tests.dll" id="5f0a5483-d074-35b1-500e-1196c2881235">
      <Execution id="69a4f62d-113d-4e53-99c2-dcfdd36c437e" />
      <TestMethod codeBase="C:/Users/SuprDewd/Documents/Projects/SharpBag/SharpBag.Tests/bin/Release/SharpBag.Tests.DLL" adapterTypeName="Microsoft.VisualStudio.TestTools.TestTypes.Unit.UnitTestAdapter, Microsoft.VisualStudio.QualityTools.Tips.UnitTest.Adapter, Version=10.0.0.0, Culture=neutral, PublicKeyToken=b03f5f7f11d50a3a" className="SharpBag.Algorithms.PriorityQueueTTest, SharpBag.Tests, Version=0.0.0.0, Culture=neutral, PublicKeyToken=null" name="Enqueue74301" />
    </UnitTest>
    <UnitTest name="UnionAllThrowsContractException888" storage="c:\users\suprdewd\documents\projects\sharpbag\sharpbag.tests\bin\release\sharpbag.tests.dll" id="2fd85783-fc83-f96f-d9bf-a6bcc5a252f1">
      <Execution id="6e6a3d12-d56f-4084-b372-e0c1c2bd51dd" />
      <TestMethod codeBase="C:/Users/SuprDewd/Documents/Projects/SharpBag/SharpBag.Tests/bin/Release/SharpBag.Tests.DLL" adapterTypeName="Microsoft.VisualStudio.TestTools.TestTypes.Unit.UnitTestAdapter, Microsoft.VisualStudio.QualityTools.Tips.UnitTest.Adapter, Version=10.0.0.0, Culture=neutral, PublicKeyToken=b03f5f7f11d50a3a" className="SharpBag.ExtensionsTest, SharpBag.Tests, Version=0.0.0.0, Culture=neutral, PublicKeyToken=null" name="UnionAllThrowsContractException888" />
    </UnitTest>
    <UnitTest name="CollatzCount01510" storage="c:\users\suprdewd\documents\projects\sharpbag\sharpbag.tests\bin\release\sharpbag.tests.dll" id="2cd94b85-ca28-7ec9-b7f9-ff8305b67d1c">
      <Execution id="21616ca5-8594-4097-8a63-620d2b31dcc6" />
      <TestMethod codeBase="C:/Users/SuprDewd/Documents/Projects/SharpBag/SharpBag.Tests/bin/Release/SharpBag.Tests.DLL" adapterTypeName="Microsoft.VisualStudio.TestTools.TestTypes.Unit.UnitTestAdapter, Microsoft.VisualStudio.QualityTools.Tips.UnitTest.Adapter, Version=10.0.0.0, Culture=neutral, PublicKeyToken=b03f5f7f11d50a3a" className="SharpBag.Math.MathExtensionsTest, SharpBag.Tests, Version=0.0.0.0, Culture=neutral, PublicKeyToken=null" name="CollatzCount01510" />
    </UnitTest>
    <UnitTest name="As0163236" storage="c:\users\suprdewd\documents\projects\sharpbag\sharpbag.tests\bin\release\sharpbag.tests.dll" id="055e48df-0214-9f4b-ed2b-c5a320ca2c7d">
      <Execution id="a4544959-26a9-48e0-aa9f-69a8bb469f8e" />
      <TestMethod codeBase="C:/Users/SuprDewd/Documents/Projects/SharpBag/SharpBag.Tests/bin/Release/SharpBag.Tests.DLL" adapterTypeName="Microsoft.VisualStudio.TestTools.TestTypes.Unit.UnitTestAdapter, Microsoft.VisualStudio.QualityTools.Tips.UnitTest.Adapter, Version=10.0.0.0, Culture=neutral, PublicKeyToken=b03f5f7f11d50a3a" className="SharpBag.ExtensionsTest, SharpBag.Tests, Version=0.0.0.0, Culture=neutral, PublicKeyToken=null" name="As0163236" />
    </UnitTest>
    <UnitTest name="NullOr71401" storage="c:\users\suprdewd\documents\projects\sharpbag\sharpbag.tests\bin\release\sharpbag.tests.dll" id="86c02588-b87f-32bd-880b-56b0d73c1993">
      <Execution id="709eacd3-57e9-4a65-8caa-5b8ee321e908" />
      <TestMethod codeBase="C:/Users/SuprDewd/Documents/Projects/SharpBag/SharpBag.Tests/bin/Release/SharpBag.Tests.DLL" adapterTypeName="Microsoft.VisualStudio.TestTools.TestTypes.Unit.UnitTestAdapter, Microsoft.VisualStudio.QualityTools.Tips.UnitTest.Adapter, Version=10.0.0.0, Culture=neutral, PublicKeyToken=b03f5f7f11d50a3a" className="SharpBag.ExtensionsTest, SharpBag.Tests, Version=0.0.0.0, Culture=neutral, PublicKeyToken=null" name="NullOr71401" />
    </UnitTest>
    <UnitTest name="TakeEveryThrowsContractException597" storage="c:\users\suprdewd\documents\projects\sharpbag\sharpbag.tests\bin\release\sharpbag.tests.dll" id="f66902ae-2eb8-36de-bdb4-af24338ae682">
      <Execution id="8d0adeb2-4861-4b65-87ec-16035a9fa917" />
      <TestMethod codeBase="C:/Users/SuprDewd/Documents/Projects/SharpBag/SharpBag.Tests/bin/Release/SharpBag.Tests.DLL" adapterTypeName="Microsoft.VisualStudio.TestTools.TestTypes.Unit.UnitTestAdapter, Microsoft.VisualStudio.QualityTools.Tips.UnitTest.Adapter, Version=10.0.0.0, Culture=neutral, PublicKeyToken=b03f5f7f11d50a3a" className="SharpBag.ExtensionsTest, SharpBag.Tests, Version=0.0.0.0, Culture=neutral, PublicKeyToken=null" name="TakeEveryThrowsContractException597" />
    </UnitTest>
    <UnitTest name="As0163241" storage="c:\users\suprdewd\documents\projects\sharpbag\sharpbag.tests\bin\release\sharpbag.tests.dll" id="2a3bccbe-42e2-9009-af11-20e5efc1eb2e">
      <Execution id="c9cb8768-586e-4c66-8afb-32b9d1117bd0" />
      <TestMethod codeBase="C:/Users/SuprDewd/Documents/Projects/SharpBag/SharpBag.Tests/bin/Release/SharpBag.Tests.DLL" adapterTypeName="Microsoft.VisualStudio.TestTools.TestTypes.Unit.UnitTestAdapter, Microsoft.VisualStudio.QualityTools.Tips.UnitTest.Adapter, Version=10.0.0.0, Culture=neutral, PublicKeyToken=b03f5f7f11d50a3a" className="SharpBag.ExtensionsTest, SharpBag.Tests, Version=0.0.0.0, Culture=neutral, PublicKeyToken=null" name="As0163241" />
    </UnitTest>
    <UnitTest name="IfNotNull17305" storage="c:\users\suprdewd\documents\projects\sharpbag\sharpbag.tests\bin\release\sharpbag.tests.dll" id="a1e0f884-6f4f-6b96-6595-df107952cc43">
      <Execution id="9a0e5801-ba5b-49e8-9c50-e84bc6a63ff6" />
      <TestMethod codeBase="C:/Users/SuprDewd/Documents/Projects/SharpBag/SharpBag.Tests/bin/Release/SharpBag.Tests.DLL" adapterTypeName="Microsoft.VisualStudio.TestTools.TestTypes.Unit.UnitTestAdapter, Microsoft.VisualStudio.QualityTools.Tips.UnitTest.Adapter, Version=10.0.0.0, Culture=neutral, PublicKeyToken=b03f5f7f11d50a3a" className="SharpBag.ExtensionsTest, SharpBag.Tests, Version=0.0.0.0, Culture=neutral, PublicKeyToken=null" name="IfNotNull17305" />
    </UnitTest>
    <UnitTest name="As0136705" storage="c:\users\suprdewd\documents\projects\sharpbag\sharpbag.tests\bin\release\sharpbag.tests.dll" id="37513ae8-9597-0d8b-e168-0cedc873d749">
      <Execution id="8406a175-58db-47ad-9421-bc695985ce25" />
      <TestMethod codeBase="C:/Users/SuprDewd/Documents/Projects/SharpBag/SharpBag.Tests/bin/Release/SharpBag.Tests.DLL" adapterTypeName="Microsoft.VisualStudio.TestTools.TestTypes.Unit.UnitTestAdapter, Microsoft.VisualStudio.QualityTools.Tips.UnitTest.Adapter, Version=10.0.0.0, Culture=neutral, PublicKeyToken=b03f5f7f11d50a3a" className="SharpBag.ExtensionsTest, SharpBag.Tests, Version=0.0.0.0, Culture=neutral, PublicKeyToken=null" name="As0136705" />
    </UnitTest>
    <UnitTest name="FromEnumeratorThrowsContractException632" storage="c:\users\suprdewd\documents\projects\sharpbag\sharpbag.tests\bin\release\sharpbag.tests.dll" id="f55b9351-7cff-05be-34ae-f71cd06467b8">
      <Execution id="23d2952e-7e9c-480f-be69-15c2c63c078a" />
      <TestMethod codeBase="C:/Users/SuprDewd/Documents/Projects/SharpBag/SharpBag.Tests/bin/Release/SharpBag.Tests.DLL" adapterTypeName="Microsoft.VisualStudio.TestTools.TestTypes.Unit.UnitTestAdapter, Microsoft.VisualStudio.QualityTools.Tips.UnitTest.Adapter, Version=10.0.0.0, Culture=neutral, PublicKeyToken=b03f5f7f11d50a3a" className="SharpBag.UtilsTest, SharpBag.Tests, Version=0.0.0.0, Culture=neutral, PublicKeyToken=null" name="FromEnumeratorThrowsContractException632" />
    </UnitTest>
    <UnitTest name="Constructor25201" storage="c:\users\suprdewd\documents\projects\sharpbag\sharpbag.tests\bin\release\sharpbag.tests.dll" id="b32008e9-7a6b-e8be-077f-aa699d6cced0">
      <Execution id="574d602f-8469-4cd6-9af7-91764e91ae62" />
      <TestMethod codeBase="C:/Users/SuprDewd/Documents/Projects/SharpBag/SharpBag.Tests/bin/Release/SharpBag.Tests.DLL" adapterTypeName="Microsoft.VisualStudio.TestTools.TestTypes.Unit.UnitTestAdapter, Microsoft.VisualStudio.QualityTools.Tips.UnitTest.Adapter, Version=10.0.0.0, Culture=neutral, PublicKeyToken=b03f5f7f11d50a3a" className="SharpBag.Algorithms.PriorityQueueTTest, SharpBag.Tests, Version=0.0.0.0, Culture=neutral, PublicKeyToken=null" name="Constructor25201" />
    </UnitTest>
    <UnitTest name="PeekThrowsContractException550" storage="c:\users\suprdewd\documents\projects\sharpbag\sharpbag.tests\bin\release\sharpbag.tests.dll" id="93237b41-2edc-1e5e-efe4-c865b1af2b62">
      <Execution id="c0886442-8787-420e-a79b-5f2e3053915e" />
      <TestMethod codeBase="C:/Users/SuprDewd/Documents/Projects/SharpBag/SharpBag.Tests/bin/Release/SharpBag.Tests.DLL" adapterTypeName="Microsoft.VisualStudio.TestTools.TestTypes.Unit.UnitTestAdapter, Microsoft.VisualStudio.QualityTools.Tips.UnitTest.Adapter, Version=10.0.0.0, Culture=neutral, PublicKeyToken=b03f5f7f11d50a3a" className="SharpBag.Algorithms.PriorityQueueTTest, SharpBag.Tests, Version=0.0.0.0, Culture=neutral, PublicKeyToken=null" name="PeekThrowsContractException550" />
    </UnitTest>
    <UnitTest name="Subarray305" storage="c:\users\suprdewd\documents\projects\sharpbag\sharpbag.tests\bin\release\sharpbag.tests.dll" id="644c941d-d40b-5655-7852-107ffef9acae">
      <Execution id="77057406-370d-455b-b8e9-1158078b559d" />
      <TestMethod codeBase="C:/Users/SuprDewd/Documents/Projects/SharpBag/SharpBag.Tests/bin/Release/SharpBag.Tests.DLL" adapterTypeName="Microsoft.VisualStudio.TestTools.TestTypes.Unit.UnitTestAdapter, Microsoft.VisualStudio.QualityTools.Tips.UnitTest.Adapter, Version=10.0.0.0, Culture=neutral, PublicKeyToken=b03f5f7f11d50a3a" className="SharpBag.ExtensionsTest, SharpBag.Tests, Version=0.0.0.0, Culture=neutral, PublicKeyToken=null" name="Subarray305" />
    </UnitTest>
    <UnitTest name="As0198305" storage="c:\users\suprdewd\documents\projects\sharpbag\sharpbag.tests\bin\release\sharpbag.tests.dll" id="ef82270c-3036-3051-f3de-27b622229225">
      <Execution id="19a4f620-cfc8-448d-8e2a-1cca89c07b8a" />
      <TestMethod codeBase="C:/Users/SuprDewd/Documents/Projects/SharpBag/SharpBag.Tests/bin/Release/SharpBag.Tests.DLL" adapterTypeName="Microsoft.VisualStudio.TestTools.TestTypes.Unit.UnitTestAdapter, Microsoft.VisualStudio.QualityTools.Tips.UnitTest.Adapter, Version=10.0.0.0, Culture=neutral, PublicKeyToken=b03f5f7f11d50a3a" className="SharpBag.ExtensionsTest, SharpBag.Tests, Version=0.0.0.0, Culture=neutral, PublicKeyToken=null" name="As0198305" />
    </UnitTest>
    <UnitTest name="Bound01171" storage="c:\users\suprdewd\documents\projects\sharpbag\sharpbag.tests\bin\release\sharpbag.tests.dll" id="2a73a8ee-edb3-255b-de40-e76f0ee6887d">
      <Execution id="608716d9-f182-478b-b2fd-685f5ad38629" />
      <TestMethod codeBase="C:/Users/SuprDewd/Documents/Projects/SharpBag/SharpBag.Tests/bin/Release/SharpBag.Tests.DLL" adapterTypeName="Microsoft.VisualStudio.TestTools.TestTypes.Unit.UnitTestAdapter, Microsoft.VisualStudio.QualityTools.Tips.UnitTest.Adapter, Version=10.0.0.0, Culture=neutral, PublicKeyToken=b03f5f7f11d50a3a" className="SharpBag.Math.MathExtensionsTest, SharpBag.Tests, Version=0.0.0.0, Culture=neutral, PublicKeyToken=null" name="Bound01171" />
    </UnitTest>
    <UnitTest name="GetEntry793" storage="c:\users\suprdewd\documents\projects\sharpbag\sharpbag.tests\bin\release\sharpbag.tests.dll" id="6e33d2cd-b750-0799-4e58-46b5850c6cde">
      <Execution id="b8fd5518-2a44-4513-ad22-986af54192c9" />
      <TestMethod codeBase="C:/Users/SuprDewd/Documents/Projects/SharpBag/SharpBag.Tests/bin/Release/SharpBag.Tests.DLL" adapterTypeName="Microsoft.VisualStudio.TestTools.TestTypes.Unit.UnitTestAdapter, Microsoft.VisualStudio.QualityTools.Tips.UnitTest.Adapter, Version=10.0.0.0, Culture=neutral, PublicKeyToken=b03f5f7f11d50a3a" className="SharpBag.Math.PascalTriangleTest, SharpBag.Tests, Version=0.0.0.0, Culture=neutral, PublicKeyToken=null" name="GetEntry793" />
    </UnitTest>
    <UnitTest name="IfNotNull17304" storage="c:\users\suprdewd\documents\projects\sharpbag\sharpbag.tests\bin\release\sharpbag.tests.dll" id="5d4547ce-a6eb-4a5d-11b5-fd4fb3f2b4c4">
      <Execution id="33051eb5-32d9-4298-8d2c-f0d39c1d7141" />
      <TestMethod codeBase="C:/Users/SuprDewd/Documents/Projects/SharpBag/SharpBag.Tests/bin/Release/SharpBag.Tests.DLL" adapterTypeName="Microsoft.VisualStudio.TestTools.TestTypes.Unit.UnitTestAdapter, Microsoft.VisualStudio.QualityTools.Tips.UnitTest.Adapter, Version=10.0.0.0, Culture=neutral, PublicKeyToken=b03f5f7f11d50a3a" className="SharpBag.ExtensionsTest, SharpBag.Tests, Version=0.0.0.0, Culture=neutral, PublicKeyToken=null" name="IfNotNull17304" />
    </UnitTest>
    <UnitTest name="To0488601" storage="c:\users\suprdewd\documents\projects\sharpbag\sharpbag.tests\bin\release\sharpbag.tests.dll" id="bd00057e-88b2-1e9c-846b-ed190ddc5717">
      <Execution id="148201db-c3ea-4c19-9932-8d59cb239e4e" />
      <TestMethod codeBase="C:/Users/SuprDewd/Documents/Projects/SharpBag/SharpBag.Tests/bin/Release/SharpBag.Tests.DLL" adapterTypeName="Microsoft.VisualStudio.TestTools.TestTypes.Unit.UnitTestAdapter, Microsoft.VisualStudio.QualityTools.Tips.UnitTest.Adapter, Version=10.0.0.0, Culture=neutral, PublicKeyToken=b03f5f7f11d50a3a" className="SharpBag.ExtensionsTest, SharpBag.Tests, Version=0.0.0.0, Culture=neutral, PublicKeyToken=null" name="To0488601" />
    </UnitTest>
    <UnitTest name="Add88504" storage="c:\users\suprdewd\documents\projects\sharpbag\sharpbag.tests\bin\release\sharpbag.tests.dll" id="92c796c7-6140-7467-0f72-263f4de0d5fd">
      <Execution id="c2d7d806-1a44-42f0-8d99-245e67bc23b0" />
      <TestMethod codeBase="C:/Users/SuprDewd/Documents/Projects/SharpBag/SharpBag.Tests/bin/Release/SharpBag.Tests.DLL" adapterTypeName="Microsoft.VisualStudio.TestTools.TestTypes.Unit.UnitTestAdapter, Microsoft.VisualStudio.QualityTools.Tips.UnitTest.Adapter, Version=10.0.0.0, Culture=neutral, PublicKeyToken=b03f5f7f11d50a3a" className="SharpBag.ExtensionsTest, SharpBag.Tests, Version=0.0.0.0, Culture=neutral, PublicKeyToken=null" name="Add88504" />
    </UnitTest>
    <UnitTest name="As0130305" storage="c:\users\suprdewd\documents\projects\sharpbag\sharpbag.tests\bin\release\sharpbag.tests.dll" id="6a1f2a29-ccc8-fc38-2175-50dd5959bbb5">
      <Execution id="aedcfe16-3041-45a4-9579-7790cf7e3ea8" />
      <TestMethod codeBase="C:/Users/SuprDewd/Documents/Projects/SharpBag/SharpBag.Tests/bin/Release/SharpBag.Tests.DLL" adapterTypeName="Microsoft.VisualStudio.TestTools.TestTypes.Unit.UnitTestAdapter, Microsoft.VisualStudio.QualityTools.Tips.UnitTest.Adapter, Version=10.0.0.0, Culture=neutral, PublicKeyToken=b03f5f7f11d50a3a" className="SharpBag.ExtensionsTest, SharpBag.Tests, Version=0.0.0.0, Culture=neutral, PublicKeyToken=null" name="As0130305" />
    </UnitTest>
    <UnitTest name="Fill0110505" storage="c:\users\suprdewd\documents\projects\sharpbag\sharpbag.tests\bin\release\sharpbag.tests.dll" id="54298867-2de1-54e3-939d-7ba756012afc">
      <Execution id="14d54e55-e25a-4b24-8509-ff7ebc3d0c56" />
      <TestMethod codeBase="C:/Users/SuprDewd/Documents/Projects/SharpBag/SharpBag.Tests/bin/Release/SharpBag.Tests.DLL" adapterTypeName="Microsoft.VisualStudio.TestTools.TestTypes.Unit.UnitTestAdapter, Microsoft.VisualStudio.QualityTools.Tips.UnitTest.Adapter, Version=10.0.0.0, Culture=neutral, PublicKeyToken=b03f5f7f11d50a3a" className="SharpBag.ExtensionsTest, SharpBag.Tests, Version=0.0.0.0, Culture=neutral, PublicKeyToken=null" name="Fill0110505" />
    </UnitTest>
    <UnitTest name="Bound415" storage="c:\users\suprdewd\documents\projects\sharpbag\sharpbag.tests\bin\release\sharpbag.tests.dll" id="b56ad954-f39f-415d-b4cd-5cf900faebf0">
      <Execution id="878336f6-03e0-417c-825c-023c9cf2f91f" />
      <TestMethod codeBase="C:/Users/SuprDewd/Documents/Projects/SharpBag/SharpBag.Tests/bin/Release/SharpBag.Tests.DLL" adapterTypeName="Microsoft.VisualStudio.TestTools.TestTypes.Unit.UnitTestAdapter, Microsoft.VisualStudio.QualityTools.Tips.UnitTest.Adapter, Version=10.0.0.0, Culture=neutral, PublicKeyToken=b03f5f7f11d50a3a" className="SharpBag.Math.MathExtensionsTest, SharpBag.Tests, Version=0.0.0.0, Culture=neutral, PublicKeyToken=null" name="Bound415" />
    </UnitTest>
    <UnitTest name="NullOrThrowsContractException745" storage="c:\users\suprdewd\documents\projects\sharpbag\sharpbag.tests\bin\release\sharpbag.tests.dll" id="41c73ee5-f5f2-636b-5a9a-3a3fb22aecad">
      <Execution id="fd08cda5-e8dd-41bb-b640-108bde52405a" />
      <TestMethod codeBase="C:/Users/SuprDewd/Documents/Projects/SharpBag/SharpBag.Tests/bin/Release/SharpBag.Tests.DLL" adapterTypeName="Microsoft.VisualStudio.TestTools.TestTypes.Unit.UnitTestAdapter, Microsoft.VisualStudio.QualityTools.Tips.UnitTest.Adapter, Version=10.0.0.0, Culture=neutral, PublicKeyToken=b03f5f7f11d50a3a" className="SharpBag.ExtensionsTest, SharpBag.Tests, Version=0.0.0.0, Culture=neutral, PublicKeyToken=null" name="NullOrThrowsContractException745" />
    </UnitTest>
    <UnitTest name="NullOr90704" storage="c:\users\suprdewd\documents\projects\sharpbag\sharpbag.tests\bin\release\sharpbag.tests.dll" id="603d3527-31ad-433b-f22d-64c8d067b62d">
      <Execution id="13f91341-aea0-4dcd-97f6-21cfd00cab6b" />
      <TestMethod codeBase="C:/Users/SuprDewd/Documents/Projects/SharpBag/SharpBag.Tests/bin/Release/SharpBag.Tests.DLL" adapterTypeName="Microsoft.VisualStudio.TestTools.TestTypes.Unit.UnitTestAdapter, Microsoft.VisualStudio.QualityTools.Tips.UnitTest.Adapter, Version=10.0.0.0, Culture=neutral, PublicKeyToken=b03f5f7f11d50a3a" className="SharpBag.ExtensionsTest, SharpBag.Tests, Version=0.0.0.0, Culture=neutral, PublicKeyToken=null" name="NullOr90704" />
    </UnitTest>
    <UnitTest name="As0163218" storage="c:\users\suprdewd\documents\projects\sharpbag\sharpbag.tests\bin\release\sharpbag.tests.dll" id="3403c50d-2a71-9a27-1ea8-652ff438ba45">
      <Execution id="15ac21c1-8e76-4313-8694-473956bd40dc" />
      <TestMethod codeBase="C:/Users/SuprDewd/Documents/Projects/SharpBag/SharpBag.Tests/bin/Release/SharpBag.Tests.DLL" adapterTypeName="Microsoft.VisualStudio.TestTools.TestTypes.Unit.UnitTestAdapter, Microsoft.VisualStudio.QualityTools.Tips.UnitTest.Adapter, Version=10.0.0.0, Culture=neutral, PublicKeyToken=b03f5f7f11d50a3a" className="SharpBag.ExtensionsTest, SharpBag.Tests, Version=0.0.0.0, Culture=neutral, PublicKeyToken=null" name="As0163218" />
    </UnitTest>
    <UnitTest name="As0163234" storage="c:\users\suprdewd\documents\projects\sharpbag\sharpbag.tests\bin\release\sharpbag.tests.dll" id="d0140d76-78ce-58b3-2274-c95b28b0ccfb">
      <Execution id="4c8cd366-297d-48b5-b6ed-4671a5181d62" />
      <TestMethod codeBase="C:/Users/SuprDewd/Documents/Projects/SharpBag/SharpBag.Tests/bin/Release/SharpBag.Tests.DLL" adapterTypeName="Microsoft.VisualStudio.TestTools.TestTypes.Unit.UnitTestAdapter, Microsoft.VisualStudio.QualityTools.Tips.UnitTest.Adapter, Version=10.0.0.0, Culture=neutral, PublicKeyToken=b03f5f7f11d50a3a" className="SharpBag.ExtensionsTest, SharpBag.Tests, Version=0.0.0.0, Culture=neutral, PublicKeyToken=null" name="As0163234" />
    </UnitTest>
    <UnitTest name="Shuffle960" storage="c:\users\suprdewd\documents\projects\sharpbag\sharpbag.tests\bin\release\sharpbag.tests.dll" id="78cde1d7-dc20-60c9-ac3e-224ced9a536f">
      <Execution id="603017f4-17ae-448c-b580-6b45804f03c4" />
      <TestMethod codeBase="C:/Users/SuprDewd/Documents/Projects/SharpBag/SharpBag.Tests/bin/Release/SharpBag.Tests.DLL" adapterTypeName="Microsoft.VisualStudio.TestTools.TestTypes.Unit.UnitTestAdapter, Microsoft.VisualStudio.QualityTools.Tips.UnitTest.Adapter, Version=10.0.0.0, Culture=neutral, PublicKeyToken=b03f5f7f11d50a3a" className="SharpBag.ExtensionsTest, SharpBag.Tests, Version=0.0.0.0, Culture=neutral, PublicKeyToken=null" name="Shuffle960" />
    </UnitTest>
    <UnitTest name="To203" storage="c:\users\suprdewd\documents\projects\sharpbag\sharpbag.tests\bin\release\sharpbag.tests.dll" id="2f442340-39d2-2141-feae-caa93af13693">
      <Execution id="8aa3a68e-29ab-487d-b72c-c4e0b12f8e60" />
      <TestMethod codeBase="C:/Users/SuprDewd/Documents/Projects/SharpBag/SharpBag.Tests/bin/Release/SharpBag.Tests.DLL" adapterTypeName="Microsoft.VisualStudio.TestTools.TestTypes.Unit.UnitTestAdapter, Microsoft.VisualStudio.QualityTools.Tips.UnitTest.Adapter, Version=10.0.0.0, Culture=neutral, PublicKeyToken=b03f5f7f11d50a3a" className="SharpBag.ExtensionsTest, SharpBag.Tests, Version=0.0.0.0, Culture=neutral, PublicKeyToken=null" name="To203" />
    </UnitTest>
    <UnitTest name="IsNullOrEmpty177" storage="c:\users\suprdewd\documents\projects\sharpbag\sharpbag.tests\bin\release\sharpbag.tests.dll" id="14e07649-4bb1-965c-d352-f5e6a62d38fd">
      <Execution id="d46f90c9-ad89-45df-926c-ffee17e50478" />
      <TestMethod codeBase="C:/Users/SuprDewd/Documents/Projects/SharpBag/SharpBag.Tests/bin/Release/SharpBag.Tests.DLL" adapterTypeName="Microsoft.VisualStudio.TestTools.TestTypes.Unit.UnitTestAdapter, Microsoft.VisualStudio.QualityTools.Tips.UnitTest.Adapter, Version=10.0.0.0, Culture=neutral, PublicKeyToken=b03f5f7f11d50a3a" className="SharpBag.ExtensionsTest, SharpBag.Tests, Version=0.0.0.0, Culture=neutral, PublicKeyToken=null" name="IsNullOrEmpty177" />
    </UnitTest>
    <UnitTest name="NextStringThrowsContractException707" storage="c:\users\suprdewd\documents\projects\sharpbag\sharpbag.tests\bin\release\sharpbag.tests.dll" id="5d3e9240-0aab-ea59-1a14-d23dae50d829">
      <Execution id="f78e3f7e-838d-4e01-a171-3297b10f0ac7" />
      <TestMethod codeBase="C:/Users/SuprDewd/Documents/Projects/SharpBag/SharpBag.Tests/bin/Release/SharpBag.Tests.DLL" adapterTypeName="Microsoft.VisualStudio.TestTools.TestTypes.Unit.UnitTestAdapter, Microsoft.VisualStudio.QualityTools.Tips.UnitTest.Adapter, Version=10.0.0.0, Culture=neutral, PublicKeyToken=b03f5f7f11d50a3a" className="SharpBag.RandomExtensionsTest, SharpBag.Tests, Version=0.0.0.0, Culture=neutral, PublicKeyToken=null" name="NextStringThrowsContractException707" />
    </UnitTest>
    <UnitTest name="GetByPercentThrowsContractException15101" storage="c:\users\suprdewd\documents\projects\sharpbag\sharpbag.tests\bin\release\sharpbag.tests.dll" id="3c579db0-0876-cedf-1e56-2a6de957c366">
      <Execution id="f524664b-2693-4bf6-a75a-8ac5541f19d1" />
[...]
    </UnitTestResult>
    <UnitTestResult executionId="b63c46d2-a33f-4a75-9245-f2361c89e8f3" testId="e966bfbe-0422-eb75-f093-b800f9c629b7" testName="As0163217" computerName="MINIAC" duration="00:00:00.0003863" startTime="2011-01-14T23:32:30.9518438+00:00" endTime="2011-01-14T23:32:30.9658446+00:00" testType="13cdc9d9-ddb5-4fa4-a97d-d965ccfc6d4b" outcome="Passed" testListId="8c84fa94-04c1-424b-9868-57a2d4851a1d" relativeResultsDirectory="b63c46d2-a33f-4a75-9245-f2361c89e8f3">
    </UnitTestResult>
    <UnitTestResult executionId="6de86cd3-f51b-4f3f-8176-98f4676619b7" testId="ea12baf4-c62d-b0ca-b8ec-0dd742c09890" testName="As21501" computerName="MINIAC" duration="00:00:00.0004624" startTime="2011-01-14T23:32:30.9718449+00:00" endTime="2011-01-14T23:32:30.9838456+00:00" testType="13cdc9d9-ddb5-4fa4-a97d-d965ccfc6d4b" outcome="Passed" testListId="8c84fa94-04c1-424b-9868-57a2d4851a1d" relativeResultsDirectory="6de86cd3-f51b-4f3f-8176-98f4676619b7">
    </UnitTestResult>
    <UnitTestResult executionId="41b33387-391b-4993-a0b1-2aa124ac20ae" testId="ea8ee283-08b1-8adf-4aa4-5e76e4a476d8" testName="As0132109" computerName="MINIAC" duration="00:00:00.0004124" startTime="2011-01-14T23:32:30.9898459+00:00" endTime="2011-01-14T23:32:30.9978464+00:00" testType="13cdc9d9-ddb5-4fa4-a97d-d965ccfc6d4b" outcome="Passed" testListId="8c84fa94-04c1-424b-9868-57a2d4851a1d" relativeResultsDirectory="41b33387-391b-4993-a0b1-2aa124ac20ae">
    </UnitTestResult>
    <UnitTestResult executionId="8fcb31da-3e7b-43c4-b840-5e958fbc6c13" testId="ea9a1e87-93ad-3a52-2165-5f8c61f04d38" testName="RangeThrowsContractException95" computerName="MINIAC" duration="00:00:00.0006210" startTime="2011-01-14T23:32:31.0038467+00:00" endTime="2011-01-14T23:32:31.0138473+00:00" testType="13cdc9d9-ddb5-4fa4-a97d-d965ccfc6d4b" outcome="Passed" testListId="8c84fa94-04c1-424b-9868-57a2d4851a1d" relativeResultsDirectory="8fcb31da-3e7b-43c4-b840-5e958fbc6c13">
    </UnitTestResult>
    <UnitTestResult executionId="9af4a71c-d845-4bee-a283-0d6f65c056d9" testId="eaed8830-28b9-0d81-19c8-50909473733c" testName="As0163230" computerName="MINIAC" duration="00:00:00.0005160" startTime="2011-01-14T23:32:31.0178475+00:00" endTime="2011-01-14T23:32:31.0298482+00:00" testType="13cdc9d9-ddb5-4fa4-a97d-d965ccfc6d4b" outcome="Passed" testListId="8c84fa94-04c1-424b-9868-57a2d4851a1d" relativeResultsDirectory="9af4a71c-d845-4bee-a283-0d6f65c056d9">
    </UnitTestResult>
    <UnitTestResult executionId="99011660-3a59-4e48-a36f-79d0baa21c06" testId="ebf62956-8cad-1ea9-be23-3282e8e24cf9" testName="CollatzCount606" computerName="MINIAC" duration="00:00:00.0003014" startTime="2011-01-14T23:32:31.0318483+00:00" endTime="2011-01-14T23:32:31.0438490+00:00" testType="13cdc9d9-ddb5-4fa4-a97d-d965ccfc6d4b" outcome="Passed" testListId="8c84fa94-04c1-424b-9868-57a2d4851a1d" relativeResultsDirectory="99011660-3a59-4e48-a36f-79d0baa21c06">
    </UnitTestResult>
    <UnitTestResult executionId="c08540ce-e2c9-48e2-8403-d56a2fa7fec2" testId="ec491029-dab5-3481-ec80-f35631103905" testName="As01321" computerName="MINIAC" duration="00:00:00.0003952" startTime="2011-01-14T23:32:31.0468492+00:00" endTime="2011-01-14T23:32:31.0578498+00:00" testType="13cdc9d9-ddb5-4fa4-a97d-d965ccfc6d4b" outcome="Passed" testListId="8c84fa94-04c1-424b-9868-57a2d4851a1d" relativeResultsDirectory="c08540ce-e2c9-48e2-8403-d56a2fa7fec2">
    </UnitTestResult>
    <UnitTestResult executionId="d06602f3-d349-4524-bad8-04a8943135b4" testId="ec55615d-1e36-c752-f2bf-b20284d0ae33" testName="As0163223" computerName="MINIAC" duration="00:00:00.0003858" startTime="2011-01-14T23:32:31.0598499+00:00" endTime="2011-01-14T23:32:31.0718506+00:00" testType="13cdc9d9-ddb5-4fa4-a97d-d965ccfc6d4b" outcome="Passed" testListId="8c84fa94-04c1-424b-9868-57a2d4851a1d" relativeResultsDirectory="d06602f3-d349-4524-bad8-04a8943135b4">
    </UnitTestResult>
    <UnitTestResult executionId="75ef654a-2a38-4e58-98ea-2748cbfb34a1" testId="ec99d1a9-4b49-a94f-134c-f58d11b57222" testName="AsEnumerable56002" computerName="MINIAC" duration="00:00:00.0003928" startTime="2011-01-14T23:32:31.0758509+00:00" endTime="2011-01-14T23:32:31.0888516+00:00" testType="13cdc9d9-ddb5-4fa4-a97d-d965ccfc6d4b" outcome="Passed" testListId="8c84fa94-04c1-424b-9868-57a2d4851a1d" relativeResultsDirectory="75ef654a-2a38-4e58-98ea-2748cbfb34a1">
    </UnitTestResult>
    <UnitTestResult executionId="a02104b4-bd21-4a61-ba44-3873b4e3ae01" testId="eda1af69-c93e-56bb-5fe9-14115441188c" testName="ReadLinesFromFileThrowsContractException787" computerName="MINIAC" duration="00:00:00.0005277" startTime="2011-01-14T23:32:31.0928518+00:00" endTime="2011-01-14T23:32:31.1038525+00:00" testType="13cdc9d9-ddb5-4fa4-a97d-d965ccfc6d4b" outcome="Passed" testListId="8c84fa94-04c1-424b-9868-57a2d4851a1d" relativeResultsDirectory="a02104b4-bd21-4a61-ba44-3873b4e3ae01">
    </UnitTestResult>
    <UnitTestResult executionId="e2915fd4-6e48-4631-9c8a-bc2c33a74206" testId="ee7a26ae-f08b-c1d5-713f-d21139c592b9" testName="As0163216" computerName="MINIAC" duration="00:00:00.0004983" startTime="2011-01-14T23:32:31.1098528+00:00" endTime="2011-01-14T23:32:31.1198534+00:00" testType="13cdc9d9-ddb5-4fa4-a97d-d965ccfc6d4b" outcome="Passed" testListId="8c84fa94-04c1-424b-9868-57a2d4851a1d" relativeResultsDirectory="e2915fd4-6e48-4631-9c8a-bc2c33a74206">
    </UnitTestResult>
    <UnitTestResult executionId="56627ce1-c2a9-4bf3-bfda-d22d59fcee94" testId="eeb34c89-a7df-f580-faa2-1b58190ee5be" testName="Add29604" computerName="MINIAC" duration="00:00:00.0005235" startTime="2011-01-14T23:32:31.1248537+00:00" endTime="2011-01-14T23:32:31.1368543+00:00" testType="13cdc9d9-ddb5-4fa4-a97d-d965ccfc6d4b" outcome="Passed" testListId="8c84fa94-04c1-424b-9868-57a2d4851a1d" relativeResultsDirectory="56627ce1-c2a9-4bf3-bfda-d22d59fcee94">
    </UnitTestResult>
    <UnitTestResult executionId="19a4f620-cfc8-448d-8e2a-1cca89c07b8a" testId="ef82270c-3036-3051-f3de-27b622229225" testName="As0198305" computerName="MINIAC" duration="00:00:00.0006803" startTime="2011-01-14T23:32:31.1388545+00:00" endTime="2011-01-14T23:32:31.1508551+00:00" testType="13cdc9d9-ddb5-4fa4-a97d-d965ccfc6d4b" outcome="Passed" testListId="8c84fa94-04c1-424b-9868-57a2d4851a1d" relativeResultsDirectory="19a4f620-cfc8-448d-8e2a-1cca89c07b8a">
    </UnitTestResult>
    <UnitTestResult executionId="16403b16-17cc-4f94-9230-ad1f9c14bf70" testId="f20d04ec-6bdf-2adb-3ea0-dea4791f58d1" testName="AsEnumerable01283" computerName="MINIAC" duration="00:00:00.0004600" startTime="2011-01-14T23:32:31.1538553+00:00" endTime="2011-01-14T23:32:31.1668561+00:00" testType="13cdc9d9-ddb5-4fa4-a97d-d965ccfc6d4b" outcome="Passed" testListId="8c84fa94-04c1-424b-9868-57a2d4851a1d" relativeResultsDirectory="16403b16-17cc-4f94-9230-ad1f9c14bf70">
    </UnitTestResult>
    <UnitTestResult executionId="6e33f719-6fb1-43a6-a377-ba4e2caa067e" testId="f342f959-584b-70f7-fc12-f7e45c365653" testName="AsEnumerable0314802" computerName="MINIAC" duration="00:00:00.0005044" startTime="2011-01-14T23:32:31.1698562+00:00" endTime="2011-01-14T23:32:31.1818569+00:00" testType="13cdc9d9-ddb5-4fa4-a97d-d965ccfc6d4b" outcome="Passed" testListId="8c84fa94-04c1-424b-9868-57a2d4851a1d" relativeResultsDirectory="6e33f719-6fb1-43a6-a377-ba4e2caa067e">
    </UnitTestResult>
    <UnitTestResult executionId="7d5dca4a-9837-4fc0-a545-c73c1058e70c" testId="f379b7c1-eb43-f239-1226-f41b6efc1dcd" testName="IterThrowsContractException577" computerName="MINIAC" duration="00:00:00.0006789" startTime="2011-01-14T23:32:31.1878573+00:00" endTime="2011-01-14T23:32:31.1958577+00:00" testType="13cdc9d9-ddb5-4fa4-a97d-d965ccfc6d4b" outcome="Passed" testListId="8c84fa94-04c1-424b-9868-57a2d4851a1d" relativeResultsDirectory="7d5dca4a-9837-4fc0-a545-c73c1058e70c">
    </UnitTestResult>
    <UnitTestResult executionId="48f9c4ca-e491-4f82-b65b-0bd0ee7313a6" testId="f3c8111d-0bf8-839f-284c-12420a9a1467" testName="As0132111" computerName="MINIAC" duration="00:00:00.0003905" startTime="2011-01-14T23:32:31.1988579+00:00" endTime="2011-01-14T23:32:31.2128587+00:00" testType="13cdc9d9-ddb5-4fa4-a97d-d965ccfc6d4b" outcome="Passed" testListId="8c84fa94-04c1-424b-9868-57a2d4851a1d" relativeResultsDirectory="48f9c4ca-e491-4f82-b65b-0bd0ee7313a6">
    </UnitTestResult>
    <UnitTestResult executionId="e501c3b8-c229-407a-95dd-ac44306c734f" testId="f4332708-2d9b-652b-a920-66192f9cdfaf" testName="As0132101" computerName="MINIAC" duration="00:00:00.0003938" startTime="2011-01-14T23:32:31.2198591+00:00" endTime="2011-01-14T23:32:31.2278595+00:00" testType="13cdc9d9-ddb5-4fa4-a97d-d965ccfc6d4b" outcome="Passed" testListId="8c84fa94-04c1-424b-9868-57a2d4851a1d" relativeResultsDirectory="e501c3b8-c229-407a-95dd-ac44306c734f">
    </UnitTestResult>
    <UnitTestResult executionId="f5bce4ca-f34b-4102-b023-b70f9c4f3621" testId="f4511594-467b-74f8-7fee-b4f5edc20b84" testName="Iter96005" computerName="MINIAC" duration="00:00:00.0004988" startTime="2011-01-14T23:32:31.2388602+00:00" endTime="2011-01-14T23:32:31.2478607+00:00" testType="13cdc9d9-ddb5-4fa4-a97d-d965ccfc6d4b" outcome="Passed" testListId="8c84fa94-04c1-424b-9868-57a2d4851a1d" relativeResultsDirectory="f5bce4ca-f34b-4102-b023-b70f9c4f3621">
    </UnitTestResult>
    <UnitTestResult executionId="58c678db-9181-4ad6-84a1-ed4bd85a11ff" testId="f4a16930-7fb5-1364-b2bb-1dffeb9040de" testName="Add60903" computerName="MINIAC" duration="00:00:00.0004558" startTime="2011-01-14T23:32:31.2518609+00:00" endTime="2011-01-14T23:32:31.2618615+00:00" testType="13cdc9d9-ddb5-4fa4-a97d-d965ccfc6d4b" outcome="Passed" testListId="8c84fa94-04c1-424b-9868-57a2d4851a1d" relativeResultsDirectory="58c678db-9181-4ad6-84a1-ed4bd85a11ff">
    </UnitTestResult>
    <UnitTestResult executionId="7ba29c3d-2d2e-496f-87c3-c75935ee3130" testId="f4f76af5-0d54-7bf8-8ba4-b32803d7a374" testName="As21508" computerName="MINIAC" duration="00:00:00.0008184" startTime="2011-01-14T23:32:31.2638616+00:00" endTime="2011-01-14T23:32:31.2768624+00:00" testType="13cdc9d9-ddb5-4fa4-a97d-d965ccfc6d4b" outcome="Passed" testListId="8c84fa94-04c1-424b-9868-57a2d4851a1d" relativeResultsDirectory="7ba29c3d-2d2e-496f-87c3-c75935ee3130">
    </UnitTestResult>
    <UnitTestResult executionId="5693e9ac-be67-46fc-943f-89541bad0da6" testId="f4fcc51c-8f8e-7431-03c1-95529343e3ab" testName="As0163201" computerName="MINIAC" duration="00:00:00.0003947" startTime="2011-01-14T23:32:31.2798625+00:00" endTime="2011-01-14T23:32:31.2938633+00:00" testType="13cdc9d9-ddb5-4fa4-a97d-d965ccfc6d4b" outcome="Passed" testListId="8c84fa94-04c1-424b-9868-57a2d4851a1d" relativeResultsDirectory="5693e9ac-be67-46fc-943f-89541bad0da6">
    </UnitTestResult>
    <UnitTestResult executionId="60af3ade-727a-459a-ae88-5961f83cf920" testId="f50339b2-56a6-fab9-1b43-e437b5e0a59d" testName="As01983" computerName="MINIAC" duration="00:00:00.0010909" startTime="2011-01-14T23:32:31.2958634+00:00" endTime="2011-01-14T23:32:31.3058640+00:00" testType="13cdc9d9-ddb5-4fa4-a97d-d965ccfc6d4b" outcome="Passed" testListId="8c84fa94-04c1-424b-9868-57a2d4851a1d" relativeResultsDirectory="60af3ade-727a-459a-ae88-5961f83cf920">
    </UnitTestResult>
    <UnitTestResult executionId="2c4d5811-5442-4366-8ffd-e56165df885d" testId="f508d895-6987-1ba4-4750-b5ae512c4eca" testName="Add29605" computerName="MINIAC" duration="00:00:00.0004605" startTime="2011-01-14T23:32:31.3088642+00:00" endTime="2011-01-14T23:32:31.3218649+00:00" testType="13cdc9d9-ddb5-4fa4-a97d-d965ccfc6d4b" outcome="Passed" testListId="8c84fa94-04c1-424b-9868-57a2d4851a1d" relativeResultsDirectory="2c4d5811-5442-4366-8ffd-e56165df885d">
    </UnitTestResult>
    <UnitTestResult executionId="3e68e284-4c60-4c33-8171-200f76650783" testId="f51de229-4761-6e36-e9f5-2ae1d5b346f0" testName="ForEach90801" computerName="MINIAC" duration="00:00:00.0004918" startTime="2011-01-14T23:32:31.3258652+00:00" endTime="2011-01-14T23:32:31.3348659+00:00" testType="13cdc9d9-ddb5-4fa4-a97d-d965ccfc6d4b" outcome="Passed" testListId="8c84fa94-04c1-424b-9868-57a2d4851a1d" relativeResultsDirectory="3e68e284-4c60-4c33-8171-200f76650783">
    </UnitTestResult>
    <UnitTestResult executionId="b9a37c13-451f-4fa9-8223-5f073d338a3e" testId="f54b9d87-7e35-d661-8f30-1a09064c130c" testName="IsPortFree18" computerName="MINIAC" duration="00:00:00.0003261" startTime="2011-01-14T23:32:31.3403666+00:00" endTime="2011-01-14T23:32:31.3538682+00:00" testType="13cdc9d9-ddb5-4fa4-a97d-d965ccfc6d4b" outcome="Passed" testListId="8c84fa94-04c1-424b-9868-57a2d4851a1d" relativeResultsDirectory="b9a37c13-451f-4fa9-8223-5f073d338a3e">
    </UnitTestResult>
    <UnitTestResult executionId="23d2952e-7e9c-480f-be69-15c2c63c078a" testId="f55b9351-7cff-05be-34ae-f71cd06467b8" testName="FromEnumeratorThrowsContractException632" computerName="MINIAC" duration="00:00:00.0006350" startTime="2011-01-14T23:32:31.3598686+00:00" endTime="2011-01-14T23:32:31.3688691+00:00" testType="13cdc9d9-ddb5-4fa4-a97d-d965ccfc6d4b" outcome="Passed" testListId="8c84fa94-04c1-424b-9868-57a2d4851a1d" relativeResultsDirectory="23d2952e-7e9c-480f-be69-15c2c63c078a">
    </UnitTestResult>
    <UnitTestResult executionId="794bf32f-5408-4d30-b1c8-d7469b0a2b2d" testId="f5f02455-4aef-8763-5044-dc094bc64ba2" testName="ForEach12502" computerName="MINIAC" duration="00:00:00.0004106" startTime="2011-01-14T23:32:31.3748694+00:00" endTime="2011-01-14T23:32:31.3838699+00:00" testType="13cdc9d9-ddb5-4fa4-a97d-d965ccfc6d4b" outcome="Passed" testListId="8c84fa94-04c1-424b-9868-57a2d4851a1d" relativeResultsDirectory="794bf32f-5408-4d30-b1c8-d7469b0a2b2d">
    </UnitTestResult>
    <UnitTestResult executionId="8d0adeb2-4861-4b65-87ec-16035a9fa917" testId="f66902ae-2eb8-36de-bdb4-af24338ae682" testName="TakeEveryThrowsContractException597" computerName="MINIAC" duration="00:00:00.0005981" startTime="2011-01-14T23:32:31.3868701+00:00" endTime="2011-01-14T23:32:31.3988708+00:00" testType="13cdc9d9-ddb5-4fa4-a97d-d965ccfc6d4b" outcome="Passed" testListId="8c84fa94-04c1-424b-9868-57a2d4851a1d" relativeResultsDirectory="8d0adeb2-4861-4b65-87ec-16035a9fa917">
    </UnitTestResult>
    <UnitTestResult executionId="0f815e79-f6fc-494a-a77d-dec1b2170f89" testId="f685a220-cae8-50b0-d543-46e310017a33" testName="As01632" computerName="MINIAC" duration="00:00:00.0003872" startTime="2011-01-14T23:32:31.4018710+00:00" endTime="2011-01-14T23:32:31.4128716+00:00" testType="13cdc9d9-ddb5-4fa4-a97d-d965ccfc6d4b" outcome="Passed" testListId="8c84fa94-04c1-424b-9868-57a2d4851a1d" relativeResultsDirectory="0f815e79-f6fc-494a-a77d-dec1b2170f89">
    </UnitTestResult>
    <UnitTestResult executionId="165ddbda-6fa1-436c-9552-0346835c1f39" testId="f791b1fc-7ecf-06ad-9b72-838a0f1da804" testName="As0136702" computerName="MINIAC" duration="00:00:00.0005893" startTime="2011-01-14T23:32:31.4158718+00:00" endTime="2011-01-14T23:32:31.4268724+00:00" testType="13cdc9d9-ddb5-4fa4-a97d-d965ccfc6d4b" outcome="Passed" testListId="8c84fa94-04c1-424b-9868-57a2d4851a1d" relativeResultsDirectory="165ddbda-6fa1-436c-9552-0346835c1f39">
    </UnitTestResult>
    <UnitTestResult executionId="cefb58f8-d69d-4ef5-ade1-9d65bee481df" testId="f96aeaaa-982a-50fe-9819-4fadbbdc5555" testName="IfNotNull0159701" computerName="MINIAC" duration="00:00:00.0003359" startTime="2011-01-14T23:32:31.4298726+00:00" endTime="2011-01-14T23:32:31.4408732+00:00" testType="13cdc9d9-ddb5-4fa4-a97d-d965ccfc6d4b" outcome="Passed" testListId="8c84fa94-04c1-424b-9868-57a2d4851a1d" relativeResultsDirectory="cefb58f8-d69d-4ef5-ade1-9d65bee481df">
    </UnitTestResult>
    <UnitTestResult executionId="a4e93235-d706-41d5-a1f1-b7a4f3473b79" testId="fa1989e4-dedf-2eca-f2e1-6a1893f9bfd6" testName="Add60906" computerName="MINIAC" duration="00:00:00.0004694" startTime="2011-01-14T23:32:31.4438734+00:00" endTime="2011-01-14T23:32:31.4558741+00:00" testType="13cdc9d9-ddb5-4fa4-a97d-d965ccfc6d4b" outcome="Passed" testListId="8c84fa94-04c1-424b-9868-57a2d4851a1d" relativeResultsDirectory="a4e93235-d706-41d5-a1f1-b7a4f3473b79">
    </UnitTestResult>
    <UnitTestResult executionId="59e731f7-7f80-4cb4-bd69-c4fcc903383e" testId="fa540630-b33a-7141-4c49-c4e59268577a" testName="CountGet1901" computerName="MINIAC" duration="00:00:00.0011081" startTime="2011-01-14T23:32:31.4578742+00:00" endTime="2011-01-14T23:32:31.4698749+00:00" testType="13cdc9d9-ddb5-4fa4-a97d-d965ccfc6d4b" outcome="Passed" testListId="8c84fa94-04c1-424b-9868-57a2d4851a1d" relativeResultsDirectory="59e731f7-7f80-4cb4-bd69-c4fcc903383e">
    </UnitTestResult>
    <UnitTestResult executionId="08301213-05f2-4d4c-8272-dd56ed620272" testId="fbd930ae-612e-63f9-7d85-96b5097af772" testName="ThrowTest" computerName="MINIAC" duration="00:00:00.0022658" startTime="2011-01-14T23:32:31.4728750+00:00" endTime="2011-01-14T23:32:31.4848757+00:00" testType="13cdc9d9-ddb5-4fa4-a97d-d965ccfc6d4b" outcome="Passed" testListId="8c84fa94-04c1-424b-9868-57a2d4851a1d" relativeResultsDirectory="08301213-05f2-4d4c-8272-dd56ed620272">
    </UnitTestResult>
    <UnitTestResult executionId="f7b7cf14-c228-4cf1-ad4d-98a48713fd27" testId="fc92c33d-a24e-4715-be4e-9ee45be3958a" testName="IfNotNull477" computerName="MINIAC" duration="00:00:00.0003980" startTime="2011-01-14T23:32:31.4868758+00:00" endTime="2011-01-14T23:32:31.5028767+00:00" testType="13cdc9d9-ddb5-4fa4-a97d-d965ccfc6d4b" outcome="Passed" testListId="8c84fa94-04c1-424b-9868-57a2d4851a1d" relativeResultsDirectory="f7b7cf14-c228-4cf1-ad4d-98a48713fd27">
    </UnitTestResult>
    <UnitTestResult executionId="d9c99858-1fe9-4577-aa8e-4f2071a8f90b" testId="fd09b993-a9b4-e74b-ac25-fcabec687112" testName="Execute93301" computerName="MINIAC" duration="00:00:00.0002874" startTime="2011-01-14T23:32:31.5058769+00:00" endTime="2011-01-14T23:32:31.5198777+00:00" testType="13cdc9d9-ddb5-4fa4-a97d-d965ccfc6d4b" outcome="Passed" testListId="8c84fa94-04c1-424b-9868-57a2d4851a1d" relativeResultsDirectory="d9c99858-1fe9-4577-aa8e-4f2071a8f90b">
    </UnitTestResult>
    <UnitTestResult executionId="03c36230-a604-47e9-ba92-78f15bfd8cf2" testId="fd8b4436-5b05-e5cd-4153-53edada97a9b" testName="As01405" computerName="MINIAC" duration="00:00:00.0005673" startTime="2011-01-14T23:32:31.5218778+00:00" endTime="2011-01-14T23:32:31.5338785+00:00" testType="13cdc9d9-ddb5-4fa4-a97d-d965ccfc6d4b" outcome="Passed" testListId="8c84fa94-04c1-424b-9868-57a2d4851a1d" relativeResultsDirectory="03c36230-a604-47e9-ba92-78f15bfd8cf2">
    </UnitTestResult>
    <UnitTestResult executionId="f260c959-d3ad-4fbe-8d10-0c652fd6b9b2" testId="fdc59520-9564-0684-d4f9-2091f576f931" testName="NullOr71403" computerName="MINIAC" duration="00:00:00.0004708" startTime="2011-01-14T23:32:31.5358786+00:00" endTime="2011-01-14T23:32:31.5508795+00:00" testType="13cdc9d9-ddb5-4fa4-a97d-d965ccfc6d4b" outcome="Passed" testListId="8c84fa94-04c1-424b-9868-57a2d4851a1d" relativeResultsDirectory="f260c959-d3ad-4fbe-8d10-0c652fd6b9b2">
    </UnitTestResult>
    <UnitTestResult executionId="6ab7ef11-22a9-43a0-bc88-61c0c9898875" testId="fdc6582f-0eab-5f36-d160-7547a6de5dbb" testName="IfNotNull17301" computerName="MINIAC" duration="00:00:00.0003536" startTime="2011-01-14T23:32:31.5528796+00:00" endTime="2011-01-14T23:32:31.5648803+00:00" testType="13cdc9d9-ddb5-4fa4-a97d-d965ccfc6d4b" outcome="Passed" testListId="8c84fa94-04c1-424b-9868-57a2d4851a1d" relativeResultsDirectory="6ab7ef11-22a9-43a0-bc88-61c0c9898875">
    </UnitTestResult>
    <UnitTestResult executionId="f368cf77-45e4-4d4a-a43b-3341198686b6" testId="febe8afb-7bc1-3f13-831b-73b163a8c327" testName="As0132105" computerName="MINIAC" duration="00:00:00.0004082" startTime="2011-01-14T23:32:31.5698806+00:00" endTime="2011-01-14T23:32:31.5808812+00:00" testType="13cdc9d9-ddb5-4fa4-a97d-d965ccfc6d4b" outcome="Passed" testListId="8c84fa94-04c1-424b-9868-57a2d4851a1d" relativeResultsDirectory="f368cf77-45e4-4d4a-a43b-3341198686b6">
    </UnitTestResult>
  </Results>
</TestRun>